{"meta": {"format": 3, "version": "7.14.3", "timestamp": "2026-07-30T16:30:19.521101", "branch_coverage": false, "show_contexts": false}, "files": {"mark42/__init__.py": {"executed_lines": [3], "summary": {"covered_lines": 1, "num_statements": 1, "percent_covered": 100.0, "percent_covered_display": "100", "missing_lines": 0, "excluded_lines": 0, "percent_statements_covered": 100.0, "percent_statements_covered_display": "100"}, "missing_lines": [], "excluded_lines": [], "functions": {"": {"executed_lines": [3], "summary": {"covered_lines": 1, "num_statements": 1, "percent_covered": 100.0, "percent_covered_display": "100", "missing_lines": 0, "excluded_lines": 0, "percent_statements_covered": 100.0, "percent_statements_covered_display": "100"}, "missing_lines": [], "excluded_lines": [], "start_line": 1}}, "classes": {"": {"executed_lines": [3], "summary": {"covered_lines": 1, "num_statements": 1, "percent_covered": 100.0, "percent_covered_display": "100", "missing_lines": 0, "excluded_lines": 0, "percent_statements_covered": 100.0, "percent_statements_covered_display": "100"}, "missing_lines": [], "excluded_lines": [], "start_line": 1}}}, "mark42/__main__.py": {"executed_lines": [], "summary": {"covered_lines": 0, "num_statements": 3, "percent_covered": 0.0, "percent_covered_display": "0", "missing_lines": 3, "excluded_lines": 0, "percent_statements_covered": 0.0, "percent_statements_covered_display": "0"}, "missing_lines": [8, 10, 11], "excluded_lines": [], "functions": {"": {"executed_lines": [], "summary": {"covered_lines": 0, "num_statements": 3, "percent_covered": 0.0, "percent_covered_display": "0", "missing_lines": 3, "excluded_lines": 0, "percent_statements_covered": 0.0, "percent_statements_covered_display": "0"}, "missing_lines": [8, 10, 11], "excluded_lines": [], "start_line": 1}}, "classes": {"": {"executed_lines": [], "summary": {"covered_lines": 0, "num_statements": 3, "percent_covered": 0.0, "percent_covered_display": "0", "missing_lines": 3, "excluded_lines": 0, "percent_statements_covered": 0.0, "percent_statements_covered_display": "0"}, "missing_lines": [8, 10, 11], "excluded_lines": [], "start_line": 1}}}, "mark42/actions_runner.py": {"executed_lines": [20, 22, 23, 24, 25, 26, 31, 32, 35, 41, 42, 45, 46, 47, 48, 49, 50, 51, 56, 62, 67, 68, 69, 70, 71, 72, 73, 76, 77, 81, 90, 93, 94, 97, 114, 115, 118, 119, 122, 124, 125, 126, 127, 128, 130, 131, 141, 144, 146, 147, 148, 149, 150, 151, 159, 160, 170, 171, 172, 173, 174, 183, 184, 185, 195, 201, 210, 211, 215, 216, 217, 219, 228, 229, 240, 242, 243, 244, 251, 254, 256, 257, 258, 266, 268, 272, 273, 274, 275, 277, 280, 282, 283, 284, 285, 286, 288, 289, 290, 292, 293, 294, 295, 296, 297, 307], "summary": {"covered_lines": 106, "num_statements": 132, "percent_covered": 80.3030303030303, "percent_covered_display": "80", "missing_lines": 26, "excluded_lines": 0, "percent_statements_covered": 80.3030303030303, "percent_statements_covered_display": "80"}, "missing_lines": [58, 59, 74, 75, 78, 83, 84, 85, 86, 87, 95, 96, 129, 230, 238, 239, 259, 260, 261, 298, 299, 300, 302, 303, 304, 308], "excluded_lines": [], "functions": {"actions_queue_path": {"executed_lines": [], "summary": {"covered_lines": 0, "num_statements": 2, "percent_covered": 0.0, "percent_covered_display": "0", "missing_lines": 2, "excluded_lines": 0, "percent_statements_covered": 0.0, "percent_statements_covered_display": "0"}, "missing_lines": [58, 59], "excluded_lines": [], "start_line": 56}, "_read_pending_actions": {"executed_lines": [67, 68, 69, 70, 71, 72, 73, 76, 77], "summary": {"covered_lines": 9, "num_statements": 12, "percent_covered": 75.0, "percent_covered_display": "75", "missing_lines": 3, "excluded_lines": 0, "percent_statements_covered": 75.0, "percent_statements_covered_display": "75"}, "missing_lines": [74, 75, 78], "excluded_lines": [], "start_line": 62}, "_write_pending_actions": {"executed_lines": [], "summary": {"covered_lines": 0, "num_statements": 5, "percent_covered": 0.0, "percent_covered_display": "0", "missing_lines": 5, "excluded_lines": 0, "percent_statements_covered": 0.0, "percent_statements_covered_display": "0"}, "missing_lines": [83, 84, 85, 86, 87], "excluded_lines": [], "start_line": 81}, "_append_broker_event": {"executed_lines": [93, 94, 97], "summary": {"covered_lines": 3, "num_statements": 5, "percent_covered": 60.0, "percent_covered_display": "60", "missing_lines": 2, "excluded_lines": 0, "percent_statements_covered": 60.0, "percent_statements_covered_display": "60"}, "missing_lines": [95, 96], "excluded_lines": [], "start_line": 90}, "list_actions": {"executed_lines": [124, 125, 126, 127, 128, 130, 131, 141], "summary": {"covered_lines": 8, "num_statements": 9, "percent_covered": 88.88888888888889, "percent_covered_display": "89", "missing_lines": 1, "excluded_lines": 0, "percent_statements_covered": 88.88888888888889, "percent_statements_covered_display": "89"}, "missing_lines": [129], "excluded_lines": [], "start_line": 122}, "_build_handlers": {"executed_lines": [146, 170, 195], "summary": {"covered_lines": 3, "num_statements": 3, "percent_covered": 100.0, "percent_covered_display": "100", "missing_lines": 0, "excluded_lines": 0, "percent_statements_covered": 100.0, "percent_statements_covered_display": "100"}, "missing_lines": [], "excluded_lines": [], "start_line": 144}, "_build_handlers.handle_restart_assemble": {"executed_lines": [147, 148, 149, 150, 151, 159, 160], "summary": {"covered_lines": 7, "num_statements": 7, "percent_covered": 100.0, "percent_covered_display": "100", "missing_lines": 0, "excluded_lines": 0, "percent_statements_covered": 100.0, "percent_statements_covered_display": "100"}, "missing_lines": [], "excluded_lines": [], "start_line": 146}, "_build_handlers.handle_refresh_actions": {"executed_lines": [171, 172, 173, 174, 183, 184, 185], "summary": {"covered_lines": 7, "num_statements": 7, "percent_covered": 100.0, "percent_covered_display": "100", "missing_lines": 0, "excluded_lines": 0, "percent_statements_covered": 100.0, "percent_statements_covered_display": "100"}, "missing_lines": [], "excluded_lines": [], "start_line": 170}, "execute_action": {"executed_lines": [210, 211, 215, 216, 217, 219, 228, 229, 240, 242, 243, 244, 251], "summary": {"covered_lines": 13, "num_statements": 16, "percent_covered": 81.25, "percent_covered_display": "81", "missing_lines": 3, "excluded_lines": 0, "percent_statements_covered": 81.25, "percent_statements_covered_display": "81"}, "missing_lines": [230, 238, 239], "excluded_lines": [], "start_line": 201}, "self_preview_for": {"executed_lines": [256, 257, 258], "summary": {"covered_lines": 3, "num_statements": 6, "percent_covered": 50.0, "percent_covered_display": "50", "missing_lines": 3, "excluded_lines": 0, "percent_statements_covered": 50.0, "percent_statements_covered_display": "50"}, "missing_lines": [259, 260, 261], "excluded_lines": [], "start_line": 254}, "main": {"executed_lines": [268, 272, 273, 274, 275, 277, 280, 282, 283, 284, 285, 286, 288, 289, 290, 292, 293, 294, 295, 296, 297], "summary": {"covered_lines": 21, "num_statements": 27, "percent_covered": 77.77777777777777, "percent_covered_display": "78", "missing_lines": 6, "excluded_lines": 0, "percent_statements_covered": 77.77777777777777, "percent_statements_covered_display": "78"}, "missing_lines": [298, 299, 300, 302, 303, 304], "excluded_lines": [], "start_line": 266}, "": {"executed_lines": [20, 22, 23, 24, 25, 26, 31, 32, 35, 41, 42, 45, 46, 47, 48, 49, 50, 51, 56, 62, 81, 90, 114, 115, 118, 119, 122, 144, 201, 254, 266, 307], "summary": {"covered_lines": 32, "num_statements": 33, "percent_covered": 96.96969696969697, "percent_covered_display": "97", "missing_lines": 1, "excluded_lines": 0, "percent_statements_covered": 96.96969696969697, "percent_statements_covered_display": "97"}, "missing_lines": [308], "excluded_lines": [], "start_line": 1}}, "classes": {"ActionResult": {"executed_lines": [], "summary": {"covered_lines": 0, "num_statements": 0, "percent_covered": 100.0, "percent_covered_display": "100", "missing_lines": 0, "excluded_lines": 0, "percent_statements_covered": 100.0, "percent_statements_covered_display": "100"}, "missing_lines": [], "excluded_lines": [], "start_line": 42}, "_ActionNotFoundError": {"executed_lines": [], "summary": {"covered_lines": 0, "num_statements": 0, "percent_covered": 100.0, "percent_covered_display": "100", "missing_lines": 0, "excluded_lines": 0, "percent_statements_covered": 100.0, "percent_statements_covered_display": "100"}, "missing_lines": [], "excluded_lines": [], "start_line": 114}, "_ActionRefusedError": {"executed_lines": [], "summary": {"covered_lines": 0, "num_statements": 0, "percent_covered": 100.0, "percent_covered_display": "100", "missing_lines": 0, "excluded_lines": 0, "percent_statements_covered": 100.0, "percent_statements_covered_display": "100"}, "missing_lines": [], "excluded_lines": [], "start_line": 118}, "": {"executed_lines": [20, 22, 23, 24, 25, 26, 31, 32, 35, 41, 42, 45, 46, 47, 48, 49, 50, 51, 56, 62, 67, 68, 69, 70, 71, 72, 73, 76, 77, 81, 90, 93, 94, 97, 114, 115, 118, 119, 122, 124, 125, 126, 127, 128, 130, 131, 141, 144, 146, 147, 148, 149, 150, 151, 159, 160, 170, 171, 172, 173, 174, 183, 184, 185, 195, 201, 210, 211, 215, 216, 217, 219, 228, 229, 240, 242, 243, 244, 251, 254, 256, 257, 258, 266, 268, 272, 273, 274, 275, 277, 280, 282, 283, 284, 285, 286, 288, 289, 290, 292, 293, 294, 295, 296, 297, 307], "summary": {"covered_lines": 106, "num_statements": 132, "percent_covered": 80.3030303030303, "percent_covered_display": "80", "missing_lines": 26, "excluded_lines": 0, "percent_statements_covered": 80.3030303030303, "percent_statements_covered_display": "80"}, "missing_lines": [58, 59, 74, 75, 78, 83, 84, 85, 86, 87, 95, 96, 129, 230, 238, 239, 259, 260, 261, 298, 299, 300, 302, 303, 304, 308], "excluded_lines": [], "start_line": 1}}}, "mark42/advisor_client.py": {"executed_lines": [24, 26, 27, 28, 29, 30, 32, 33, 34, 39, 46, 52, 75, 78, 83, 84, 86, 87, 88, 89, 90, 91, 93, 94, 95, 97, 98, 99, 101, 102, 103, 105, 106, 113, 115, 116, 121, 122, 123, 126, 127, 129, 130, 131, 132, 134, 135, 137, 138, 139, 140, 141, 142, 144, 145, 146, 151, 153, 163, 165, 166, 167, 179, 181, 190, 192, 204, 221, 227, 228, 229, 230, 231, 232, 236, 250, 251, 258, 259, 260, 261, 262, 269, 274, 275, 278, 279, 280, 281, 282, 288, 291, 292, 293, 300, 301, 303, 310, 314, 316, 318, 320, 322, 324, 326, 328, 332, 334, 335, 336, 337, 338, 339, 340, 341, 343, 345, 352, 354, 355, 356, 357, 358, 359, 360, 361, 366, 367, 368, 371, 372, 374, 375, 376, 378, 379, 382, 384, 385, 386, 387, 389, 390, 392, 393, 395, 404, 405, 406, 410, 416, 426, 431, 432, 437, 445, 446, 447, 448, 449, 450, 455, 456, 458, 459, 470, 472, 473, 476, 482, 483, 484, 488, 489, 490, 491, 492, 495, 509, 510, 512, 513, 514, 516, 517, 518, 521, 523, 527, 528, 529, 530, 532], "summary": {"covered_lines": 193, "num_statements": 201, "percent_covered": 96.01990049751244, "percent_covered_display": "96", "missing_lines": 8, "excluded_lines": 0, "percent_statements_covered": 96.01990049751244, "percent_statements_covered_display": "96"}, "missing_lines": [35, 36, 363, 364, 461, 515, 519, 531], "excluded_lines": [], "functions": {"AdvisorVerdict.is_approve": {"executed_lines": [95], "summary": {"covered_lines": 1, "num_statements": 1, "percent_covered": 100.0, "percent_covered_display": "100", "missing_lines": 0, "excluded_lines": 0, "percent_statements_covered": 100.0, "percent_statements_covered_display": "100"}, "missing_lines": [], "excluded_lines": [], "start_line": 94}, "AdvisorVerdict.is_reject": {"executed_lines": [99], "summary": {"covered_lines": 1, "num_statements": 1, "percent_covered": 100.0, "percent_covered_display": "100", "missing_lines": 0, "excluded_lines": 0, "percent_statements_covered": 100.0, "percent_statements_covered_display": "100"}, "missing_lines": [], "excluded_lines": [], "start_line": 98}, "AdvisorVerdict.is_modify": {"executed_lines": [103], "summary": {"covered_lines": 1, "num_statements": 1, "percent_covered": 100.0, "percent_covered_display": "100", "missing_lines": 0, "excluded_lines": 0, "percent_statements_covered": 100.0, "percent_statements_covered_display": "100"}, "missing_lines": [], "excluded_lines": [], "start_line": 102}, "AdvisorVerdict.is_trustworthy": {"executed_lines": [113], "summary": {"covered_lines": 1, "num_statements": 1, "percent_covered": 100.0, "percent_covered_display": "100", "missing_lines": 0, "excluded_lines": 0, "percent_statements_covered": 100.0, "percent_statements_covered_display": "100"}, "missing_lines": [], "excluded_lines": [], "start_line": 106}, "AdvisorVerdict.to_dict": {"executed_lines": [116, 121, 122, 123], "summary": {"covered_lines": 4, "num_statements": 4, "percent_covered": 100.0, "percent_covered_display": "100", "missing_lines": 0, "excluded_lines": 0, "percent_statements_covered": 100.0, "percent_statements_covered_display": "100"}, "missing_lines": [], "excluded_lines": [], "start_line": 115}, "AdvisorResult.should_ask_user": {"executed_lines": [137, 138, 139, 140, 141, 142, 144, 145, 146], "summary": {"covered_lines": 9, "num_statements": 9, "percent_covered": 100.0, "percent_covered_display": "100", "missing_lines": 0, "excluded_lines": 0, "percent_statements_covered": 100.0, "percent_statements_covered_display": "100"}, "missing_lines": [], "excluded_lines": [], "start_line": 135}, "build_scenario_a_prompt": {"executed_lines": [153], "summary": {"covered_lines": 1, "num_statements": 1, "percent_covered": 100.0, "percent_covered_display": "100", "missing_lines": 0, "excluded_lines": 0, "percent_statements_covered": 100.0, "percent_statements_covered_display": "100"}, "missing_lines": [], "excluded_lines": [], "start_line": 151}, "build_scenario_b_prompt": {"executed_lines": [165, 166, 167], "summary": {"covered_lines": 3, "num_statements": 3, "percent_covered": 100.0, "percent_covered_display": "100", "missing_lines": 0, "excluded_lines": 0, "percent_statements_covered": 100.0, "percent_statements_covered_display": "100"}, "missing_lines": [], "excluded_lines": [], "start_line": 163}, "build_scenario_c_prompt": {"executed_lines": [181], "summary": {"covered_lines": 1, "num_statements": 1, "percent_covered": 100.0, "percent_covered_display": "100", "missing_lines": 0, "excluded_lines": 0, "percent_statements_covered": 100.0, "percent_statements_covered_display": "100"}, "missing_lines": [], "excluded_lines": [], "start_line": 179}, "build_scenario_d_prompt": {"executed_lines": [192], "summary": {"covered_lines": 1, "num_statements": 1, "percent_covered": 100.0, "percent_covered_display": "100", "missing_lines": 0, "excluded_lines": 0, "percent_statements_covered": 100.0, "percent_statements_covered_display": "100"}, "missing_lines": [], "excluded_lines": [], "start_line": 190}, "AdvisorClient.__init__": {"executed_lines": [227, 228, 229, 230, 231, 232], "summary": {"covered_lines": 6, "num_statements": 6, "percent_covered": 100.0, "percent_covered_display": "100", "missing_lines": 0, "excluded_lines": 0, "percent_statements_covered": 100.0, "percent_statements_covered_display": "100"}, "missing_lines": [], "excluded_lines": [], "start_line": 221}, "AdvisorClient.ask": {"executed_lines": [250, 251, 258, 259, 260, 261, 262, 269, 274, 275, 278, 279, 280, 281, 282, 288, 291, 292, 293, 300, 301, 303, 310], "summary": {"covered_lines": 23, "num_statements": 23, "percent_covered": 100.0, "percent_covered_display": "100", "missing_lines": 0, "excluded_lines": 0, "percent_statements_covered": 100.0, "percent_statements_covered_display": "100"}, "missing_lines": [], "excluded_lines": [], "start_line": 236}, "AdvisorClient.ask_about_uncertain_issue": {"executed_lines": [316], "summary": {"covered_lines": 1, "num_statements": 1, "percent_covered": 100.0, "percent_covered_display": "100", "missing_lines": 0, "excluded_lines": 0, "percent_statements_covered": 100.0, "percent_statements_covered_display": "100"}, "missing_lines": [], "excluded_lines": [], "start_line": 314}, "AdvisorClient.ask_about_remediation_plan": {"executed_lines": [320], "summary": {"covered_lines": 1, "num_statements": 1, "percent_covered": 100.0, "percent_covered_display": "100", "missing_lines": 0, "excluded_lines": 0, "percent_statements_covered": 100.0, "percent_statements_covered_display": "100"}, "missing_lines": [], "excluded_lines": [], "start_line": 318}, "AdvisorClient.ask_about_new_anomaly": {"executed_lines": [324], "summary": {"covered_lines": 1, "num_statements": 1, "percent_covered": 100.0, "percent_covered_display": "100", "missing_lines": 0, "excluded_lines": 0, "percent_statements_covered": 100.0, "percent_statements_covered_display": "100"}, "missing_lines": [], "excluded_lines": [], "start_line": 322}, "AdvisorClient.ask_about_archive_reuse": {"executed_lines": [328], "summary": {"covered_lines": 1, "num_statements": 1, "percent_covered": 100.0, "percent_covered_display": "100", "missing_lines": 0, "excluded_lines": 0, "percent_statements_covered": 100.0, "percent_statements_covered_display": "100"}, "missing_lines": [], "excluded_lines": [], "start_line": 326}, "AdvisorClient._build_prompt": {"executed_lines": [334, 335, 336, 337, 338, 339, 340, 341, 343], "summary": {"covered_lines": 9, "num_statements": 9, "percent_covered": 100.0, "percent_covered_display": "100", "missing_lines": 0, "excluded_lines": 0, "percent_statements_covered": 100.0, "percent_statements_covered_display": "100"}, "missing_lines": [], "excluded_lines": [], "start_line": 332}, "AdvisorClient._parse_response": {"executed_lines": [352, 354, 355, 356, 357, 358, 359, 360, 361, 366, 367, 368, 371, 372, 374, 375, 376, 378, 379, 382, 384, 385, 386, 387, 389, 390, 392, 393, 395, 404, 405, 406], "summary": {"covered_lines": 32, "num_statements": 34, "percent_covered": 94.11764705882354, "percent_covered_display": "94", "missing_lines": 2, "excluded_lines": 0, "percent_statements_covered": 94.11764705882354, "percent_statements_covered_display": "94"}, "missing_lines": [363, 364], "excluded_lines": [], "start_line": 345}, "AdvisorClient.health_check": {"executed_lines": [416], "summary": {"covered_lines": 1, "num_statements": 1, "percent_covered": 100.0, "percent_covered_display": "100", "missing_lines": 0, "excluded_lines": 0, "percent_statements_covered": 100.0, "percent_statements_covered_display": "100"}, "missing_lines": [], "excluded_lines": [], "start_line": 410}, "AdvisorClient.ping": {"executed_lines": [431, 432, 437, 445, 446, 447, 448, 449, 450, 455, 456, 458, 459], "summary": {"covered_lines": 13, "num_statements": 14, "percent_covered": 92.85714285714286, "percent_covered_display": "93", "missing_lines": 1, "excluded_lines": 0, "percent_statements_covered": 92.85714285714286, "percent_statements_covered_display": "93"}, "missing_lines": [461], "excluded_lines": [], "start_line": 426}, "cli_advisor_status": {"executed_lines": [472, 473], "summary": {"covered_lines": 2, "num_statements": 2, "percent_covered": 100.0, "percent_covered_display": "100", "missing_lines": 0, "excluded_lines": 0, "percent_statements_covered": 100.0, "percent_statements_covered_display": "100"}, "missing_lines": [], "excluded_lines": [], "start_line": 470}, "cli_advisor_test": {"executed_lines": [482, 483, 484, 488, 489, 490, 491, 492], "summary": {"covered_lines": 8, "num_statements": 8, "percent_covered": 100.0, "percent_covered_display": "100", "missing_lines": 0, "excluded_lines": 0, "percent_statements_covered": 100.0, "percent_statements_covered_display": "100"}, "missing_lines": [], "excluded_lines": [], "start_line": 476}, "cli_advisor_ask": {"executed_lines": [509, 510, 512, 513, 514, 516, 517, 518, 521, 523, 527, 528, 529, 530, 532], "summary": {"covered_lines": 15, "num_statements": 18, "percent_covered": 83.33333333333333, "percent_covered_display": "83", "missing_lines": 3, "excluded_lines": 0, "percent_statements_covered": 83.33333333333333, "percent_statements_covered_display": "83"}, "missing_lines": [515, 519, 531], "excluded_lines": [], "start_line": 495}, "": {"executed_lines": [24, 26, 27, 28, 29, 30, 32, 33, 34, 39, 46, 52, 75, 78, 83, 84, 86, 87, 88, 89, 90, 91, 93, 94, 97, 98, 101, 102, 105, 106, 115, 126, 127, 129, 130, 131, 132, 134, 135, 151, 163, 179, 190, 204, 221, 236, 314, 318, 322, 326, 332, 345, 410, 426, 470, 476, 495], "summary": {"covered_lines": 57, "num_statements": 59, "percent_covered": 96.61016949152543, "percent_covered_display": "97", "missing_lines": 2, "excluded_lines": 0, "percent_statements_covered": 96.61016949152543, "percent_statements_covered_display": "97"}, "missing_lines": [35, 36], "excluded_lines": [], "start_line": 1}}, "classes": {"AdvisorVerdict": {"executed_lines": [95, 99, 103, 113, 116, 121, 122, 123], "summary": {"covered_lines": 8, "num_statements": 8, "percent_covered": 100.0, "percent_covered_display": "100", "missing_lines": 0, "excluded_lines": 0, "percent_statements_covered": 100.0, "percent_statements_covered_display": "100"}, "missing_lines": [], "excluded_lines": [], "start_line": 84}, "AdvisorResult": {"executed_lines": [137, 138, 139, 140, 141, 142, 144, 145, 146], "summary": {"covered_lines": 9, "num_statements": 9, "percent_covered": 100.0, "percent_covered_display": "100", "missing_lines": 0, "excluded_lines": 0, "percent_statements_covered": 100.0, "percent_statements_covered_display": "100"}, "missing_lines": [], "excluded_lines": [], "start_line": 127}, "AdvisorClient": {"executed_lines": [227, 228, 229, 230, 231, 232, 250, 251, 258, 259, 260, 261, 262, 269, 274, 275, 278, 279, 280, 281, 282, 288, 291, 292, 293, 300, 301, 303, 310, 316, 320, 324, 328, 334, 335, 336, 337, 338, 339, 340, 341, 343, 352, 354, 355, 356, 357, 358, 359, 360, 361, 366, 367, 368, 371, 372, 374, 375, 376, 378, 379, 382, 384, 385, 386, 387, 389, 390, 392, 393, 395, 404, 405, 406, 416, 431, 432, 437, 445, 446, 447, 448, 449, 450, 455, 456, 458, 459], "summary": {"covered_lines": 88, "num_statements": 91, "percent_covered": 96.7032967032967, "percent_covered_display": "97", "missing_lines": 3, "excluded_lines": 0, "percent_statements_covered": 96.7032967032967, "percent_statements_covered_display": "97"}, "missing_lines": [363, 364, 461], "excluded_lines": [], "start_line": 204}, "": {"executed_lines": [24, 26, 27, 28, 29, 30, 32, 33, 34, 39, 46, 52, 75, 78, 83, 84, 86, 87, 88, 89, 90, 91, 93, 94, 97, 98, 101, 102, 105, 106, 115, 126, 127, 129, 130, 131, 132, 134, 135, 151, 153, 163, 165, 166, 167, 179, 181, 190, 192, 204, 221, 236, 314, 318, 322, 326, 332, 345, 410, 426, 470, 472, 473, 476, 482, 483, 484, 488, 489, 490, 491, 492, 495, 509, 510, 512, 513, 514, 516, 517, 518, 521, 523, 527, 528, 529, 530, 532], "summary": {"covered_lines": 88, "num_statements": 93, "percent_covered": 94.6236559139785, "percent_covered_display": "95", "missing_lines": 5, "excluded_lines": 0, "percent_statements_covered": 94.6236559139785, "percent_statements_covered_display": "95"}, "missing_lines": [35, 36, 515, 519, 531], "excluded_lines": [], "start_line": 1}}}, "mark42/algo_scheduler.py": {"executed_lines": [26, 27, 28, 29, 30, 31, 32, 39, 40, 41, 44, 53, 54, 55, 57, 58, 59, 60, 61, 62, 69, 75, 76, 78, 87, 93, 105, 106, 108, 109, 110, 112, 113, 115, 116, 119, 120, 121, 122, 124, 125, 132, 133, 134, 135, 136, 140, 141, 144, 146, 152, 156, 157, 159, 168, 171, 173, 174, 175, 176, 177, 178, 179, 181, 183, 186, 188, 189, 191, 192, 194, 198, 199, 200, 201, 202, 203, 209, 210, 214, 215, 216, 219, 220, 223, 224, 225, 228, 235, 236, 239, 240, 241, 242, 243, 244, 245, 246, 247, 250, 260, 261, 265, 266, 267, 268, 269, 270, 271, 273, 275, 276, 289, 305, 306, 307, 309, 317, 318, 319, 320, 321, 323, 339, 340, 341, 342, 343, 344, 345, 358, 359, 367, 369, 379, 381, 408, 431, 432, 434, 443, 446, 447, 448, 449, 450, 451, 454, 455, 457, 459, 461, 471, 472, 473, 476, 477, 478, 481, 489, 498, 499, 501, 502, 509, 724], "summary": {"covered_lines": 166, "num_statements": 283, "percent_covered": 58.657243816254415, "percent_covered_display": "59", "missing_lines": 117, "excluded_lines": 0, "percent_statements_covered": 58.657243816254415, "percent_statements_covered_display": "59"}, "missing_lines": [46, 47, 48, 49, 50, 137, 138, 142, 169, 277, 278, 293, 294, 324, 325, 392, 456, 458, 460, 463, 464, 465, 466, 468, 469, 482, 486, 490, 495, 511, 512, 513, 515, 554, 555, 556, 557, 558, 559, 561, 568, 569, 570, 571, 573, 575, 579, 580, 581, 582, 585, 586, 589, 590, 591, 592, 595, 601, 602, 603, 604, 605, 609, 610, 611, 616, 617, 620, 625, 626, 627, 628, 629, 631, 634, 651, 652, 653, 654, 656, 659, 662, 663, 664, 665, 666, 668, 671, 677, 678, 679, 680, 681, 683, 686, 687, 688, 689, 690, 693, 700, 701, 702, 703, 709, 710, 711, 712, 713, 714, 716, 717, 719, 720, 721, 725, 726], "excluded_lines": [], "functions": {"_should_use_llm": {"executed_lines": [], "summary": {"covered_lines": 0, "num_statements": 5, "percent_covered": 0.0, "percent_covered_display": "0", "missing_lines": 5, "excluded_lines": 0, "percent_statements_covered": 0.0, "percent_statements_covered_display": "0"}, "missing_lines": [46, 47, 48, 49, 50], "excluded_lines": [], "start_line": 44}, "CompressorRegistry.__init__": {"executed_lines": [76], "summary": {"covered_lines": 1, "num_statements": 1, "percent_covered": 100.0, "percent_covered_display": "100", "missing_lines": 0, "excluded_lines": 0, "percent_statements_covered": 100.0, "percent_statements_covered_display": "100"}, "missing_lines": [], "excluded_lines": [], "start_line": 75}, "CompressorRegistry.register": {"executed_lines": [87], "summary": {"covered_lines": 1, "num_statements": 1, "percent_covered": 100.0, "percent_covered_display": "100", "missing_lines": 0, "excluded_lines": 0, "percent_statements_covered": 100.0, "percent_statements_covered_display": "100"}, "missing_lines": [], "excluded_lines": [], "start_line": 78}, "CompressorRegistry.select": {"executed_lines": [105, 106, 108, 109, 110, 112, 113, 115, 116, 119, 120, 121, 122, 124, 125, 132, 133, 134, 135, 136, 140, 141, 144], "summary": {"covered_lines": 23, "num_statements": 25, "percent_covered": 92.0, "percent_covered_display": "92", "missing_lines": 2, "excluded_lines": 0, "percent_statements_covered": 92.0, "percent_statements_covered_display": "92"}, "missing_lines": [137, 138], "excluded_lines": [], "start_line": 93}, "CompressorRegistry.select.func": {"executed_lines": [], "summary": {"covered_lines": 0, "num_statements": 1, "percent_covered": 0.0, "percent_covered_display": "0", "missing_lines": 1, "excluded_lines": 0, "percent_statements_covered": 0.0, "percent_statements_covered_display": "0"}, "missing_lines": [142], "excluded_lines": [], "start_line": 141}, "CompressorRegistry.list": {"executed_lines": [152, 156, 157], "summary": {"covered_lines": 3, "num_statements": 3, "percent_covered": 100.0, "percent_covered_display": "100", "missing_lines": 0, "excluded_lines": 0, "percent_statements_covered": 100.0, "percent_statements_covered_display": "100"}, "missing_lines": [], "excluded_lines": [], "start_line": 146}, "CompressorRegistry._detect_content_type": {"executed_lines": [168, 171, 173, 174, 175, 176, 177, 178, 179, 181, 183, 186, 188, 189, 191, 192, 194], "summary": {"covered_lines": 17, "num_statements": 18, "percent_covered": 94.44444444444444, "percent_covered_display": "94", "missing_lines": 1, "excluded_lines": 0, "percent_statements_covered": 94.44444444444444, "percent_statements_covered_display": "94"}, "missing_lines": [169], "excluded_lines": [], "start_line": 159}, "decide": {"executed_lines": [260, 261, 265, 266, 267, 268, 269, 270, 271, 273, 275, 276, 289, 305, 306, 307, 309, 317, 318, 319, 320, 321, 323, 339, 340, 341, 342, 343, 344, 345, 358, 359, 367, 369, 379, 381], "summary": {"covered_lines": 36, "num_statements": 43, "percent_covered": 83.72093023255815, "percent_covered_display": "84", "missing_lines": 7, "excluded_lines": 0, "percent_statements_covered": 83.72093023255815, "percent_statements_covered_display": "84"}, "missing_lines": [277, 278, 293, 294, 324, 325, 392], "excluded_lines": [], "start_line": 250}, "process": {"executed_lines": [431, 432, 434, 443, 446, 447, 448, 449, 450, 451, 454, 455, 457, 459, 461, 471, 472, 473, 476, 477, 478, 481, 489, 498, 499, 501, 502], "summary": {"covered_lines": 27, "num_statements": 40, "percent_covered": 67.5, "percent_covered_display": "68", "missing_lines": 13, "excluded_lines": 0, "percent_statements_covered": 67.5, "percent_statements_covered_display": "68"}, "missing_lines": [456, 458, 460, 463, 464, 465, 466, 468, 469, 482, 486, 490, 495], "excluded_lines": [], "start_line": 408}, "_run_tests": {"executed_lines": [], "summary": {"covered_lines": 0, "num_statements": 86, "percent_covered": 0.0, "percent_covered_display": "0", "missing_lines": 86, "excluded_lines": 0, "percent_statements_covered": 0.0, "percent_statements_covered_display": "0"}, "missing_lines": [511, 512, 513, 515, 554, 555, 556, 557, 558, 559, 561, 568, 569, 570, 571, 573, 575, 579, 580, 581, 582, 585, 586, 589, 590, 591, 592, 595, 601, 602, 603, 604, 605, 609, 610, 611, 616, 617, 620, 625, 626, 627, 628, 629, 631, 634, 651, 652, 653, 654, 656, 659, 662, 663, 664, 665, 666, 668, 671, 677, 678, 679, 680, 681, 683, 686, 687, 688, 689, 690, 693, 700, 701, 702, 703, 709, 710, 711, 712, 713, 714, 716, 717, 719, 720, 721], "excluded_lines": [], "start_line": 509}, "": {"executed_lines": [26, 27, 28, 29, 30, 31, 32, 39, 40, 41, 44, 53, 54, 55, 57, 58, 59, 60, 61, 62, 69, 75, 78, 93, 146, 159, 198, 199, 200, 201, 202, 203, 209, 210, 214, 215, 216, 219, 220, 223, 224, 225, 228, 235, 236, 239, 240, 241, 242, 243, 244, 245, 246, 247, 250, 408, 509, 724], "summary": {"covered_lines": 58, "num_statements": 60, "percent_covered": 96.66666666666667, "percent_covered_display": "97", "missing_lines": 2, "excluded_lines": 0, "percent_statements_covered": 96.66666666666667, "percent_statements_covered_display": "97"}, "missing_lines": [725, 726], "excluded_lines": [], "start_line": 1}}, "classes": {"CompressorRegistry": {"executed_lines": [76, 87, 105, 106, 108, 109, 110, 112, 113, 115, 116, 119, 120, 121, 122, 124, 125, 132, 133, 134, 135, 136, 140, 141, 144, 152, 156, 157, 168, 171, 173, 174, 175, 176, 177, 178, 179, 181, 183, 186, 188, 189, 191, 192, 194], "summary": {"covered_lines": 45, "num_statements": 49, "percent_covered": 91.83673469387755, "percent_covered_display": "92", "missing_lines": 4, "excluded_lines": 0, "percent_statements_covered": 91.83673469387755, "percent_statements_covered_display": "92"}, "missing_lines": [137, 138, 142, 169], "excluded_lines": [], "start_line": 69}, "SchedulerConfig": {"executed_lines": [], "summary": {"covered_lines": 0, "num_statements": 0, "percent_covered": 100.0, "percent_covered_display": "100", "missing_lines": 0, "excluded_lines": 0, "percent_statements_covered": 100.0, "percent_statements_covered_display": "100"}, "missing_lines": [], "excluded_lines": [], "start_line": 210}, "ScheduleDecision": {"executed_lines": [], "summary": {"covered_lines": 0, "num_statements": 0, "percent_covered": 100.0, "percent_covered_display": "100", "missing_lines": 0, "excluded_lines": 0, "percent_statements_covered": 100.0, "percent_statements_covered_display": "100"}, "missing_lines": [], "excluded_lines": [], "start_line": 236}, "": {"executed_lines": [26, 27, 28, 29, 30, 31, 32, 39, 40, 41, 44, 53, 54, 55, 57, 58, 59, 60, 61, 62, 69, 75, 78, 93, 146, 159, 198, 199, 200, 201, 202, 203, 209, 210, 214, 215, 216, 219, 220, 223, 224, 225, 228, 235, 236, 239, 240, 241, 242, 243, 244, 245, 246, 247, 250, 260, 261, 265, 266, 267, 268, 269, 270, 271, 273, 275, 276, 289, 305, 306, 307, 309, 317, 318, 319, 320, 321, 323, 339, 340, 341, 342, 343, 344, 345, 358, 359, 367, 369, 379, 381, 408, 431, 432, 434, 443, 446, 447, 448, 449, 450, 451, 454, 455, 457, 459, 461, 471, 472, 473, 476, 477, 478, 481, 489, 498, 499, 501, 502, 509, 724], "summary": {"covered_lines": 121, "num_statements": 234, "percent_covered": 51.70940170940171, "percent_covered_display": "52", "missing_lines": 113, "excluded_lines": 0, "percent_statements_covered": 51.70940170940171, "percent_statements_covered_display": "52"}, "missing_lines": [46, 47, 48, 49, 50, 277, 278, 293, 294, 324, 325, 392, 456, 458, 460, 463, 464, 465, 466, 468, 469, 482, 486, 490, 495, 511, 512, 513, 515, 554, 555, 556, 557, 558, 559, 561, 568, 569, 570, 571, 573, 575, 579, 580, 581, 582, 585, 586, 589, 590, 591, 592, 595, 601, 602, 603, 604, 605, 609, 610, 611, 616, 617, 620, 625, 626, 627, 628, 629, 631, 634, 651, 652, 653, 654, 656, 659, 662, 663, 664, 665, 666, 668, 671, 677, 678, 679, 680, 681, 683, 686, 687, 688, 689, 690, 693, 700, 701, 702, 703, 709, 710, 711, 712, 713, 714, 716, 717, 719, 720, 721, 725, 726], "excluded_lines": [], "start_line": 1}}}, "mark42/anomaly_detector.py": {"executed_lines": [16, 18, 19, 20, 21, 22, 23, 24, 25, 27, 32, 33, 35, 36, 37, 38, 39, 40, 41, 42, 44, 45, 48, 49, 51, 52, 53, 58, 61, 66, 68, 69, 70, 71, 73, 74, 79, 80, 85, 86, 91, 92, 97, 100, 103, 104, 105, 106, 108, 110, 111, 113, 116, 117, 118, 121, 122, 123, 125, 126, 127, 129, 130, 132, 133, 134, 139, 142, 148, 154, 155, 156, 157, 158, 160, 162, 163, 164, 165, 166, 167, 169, 170, 171, 172, 173, 174, 179, 180, 181, 182, 183, 184, 188, 190, 192, 193, 195, 197, 198, 199, 200, 203, 204, 208, 210, 213, 215, 217, 219, 221, 222, 223, 227, 229, 238, 240, 241, 242, 248, 250, 251, 253, 255, 256], "summary": {"covered_lines": 125, "num_statements": 134, "percent_covered": 93.28358208955224, "percent_covered_display": "93", "missing_lines": 9, "excluded_lines": 0, "percent_statements_covered": 93.28358208955224, "percent_statements_covered_display": "93"}, "missing_lines": [175, 176, 185, 186, 205, 206, 211, 224, 225], "excluded_lines": [], "functions": {"AnomalyAlert.to_dict": {"executed_lines": [45], "summary": {"covered_lines": 1, "num_statements": 1, "percent_covered": 100.0, "percent_covered_display": "100", "missing_lines": 0, "excluded_lines": 0, "percent_statements_covered": 100.0, "percent_statements_covered_display": "100"}, "missing_lines": [], "excluded_lines": [], "start_line": 44}, "ThresholdDetector.__init__": {"executed_lines": [66], "summary": {"covered_lines": 1, "num_statements": 1, "percent_covered": 100.0, "percent_covered_display": "100", "missing_lines": 0, "excluded_lines": 0, "percent_statements_covered": 100.0, "percent_statements_covered_display": "100"}, "missing_lines": [], "excluded_lines": [], "start_line": 61}, "ThresholdDetector.check": {"executed_lines": [69, 70, 71, 73, 74, 79, 80, 85, 86, 91, 92, 97], "summary": {"covered_lines": 12, "num_statements": 12, "percent_covered": 100.0, "percent_covered_display": "100", "missing_lines": 0, "excluded_lines": 0, "percent_statements_covered": 100.0, "percent_statements_covered_display": "100"}, "missing_lines": [], "excluded_lines": [], "start_line": 68}, "ZScoreDetector.__init__": {"executed_lines": [104, 105, 106], "summary": {"covered_lines": 3, "num_statements": 3, "percent_covered": 100.0, "percent_covered_display": "100", "missing_lines": 0, "excluded_lines": 0, "percent_statements_covered": 100.0, "percent_statements_covered_display": "100"}, "missing_lines": [], "excluded_lines": [], "start_line": 103}, "ZScoreDetector.add_sample": {"executed_lines": [110, 111, 113, 116, 117, 118, 121, 122, 123, 125, 126, 127, 129, 130, 132, 133, 134, 139], "summary": {"covered_lines": 18, "num_statements": 18, "percent_covered": 100.0, "percent_covered_display": "100", "missing_lines": 0, "excluded_lines": 0, "percent_statements_covered": 100.0, "percent_statements_covered_display": "100"}, "missing_lines": [], "excluded_lines": [], "start_line": 108}, "AnomalyDetector.__init__": {"executed_lines": [155, 156, 157, 158], "summary": {"covered_lines": 4, "num_statements": 4, "percent_covered": 100.0, "percent_covered_display": "100", "missing_lines": 0, "excluded_lines": 0, "percent_statements_covered": 100.0, "percent_statements_covered_display": "100"}, "missing_lines": [], "excluded_lines": [], "start_line": 154}, "AnomalyDetector.collect_metrics": {"executed_lines": [162, 163, 164, 165, 166, 167, 169, 170, 171, 172, 173, 174, 179, 180, 181, 182, 183, 184, 188], "summary": {"covered_lines": 19, "num_statements": 23, "percent_covered": 82.6086956521739, "percent_covered_display": "83", "missing_lines": 4, "excluded_lines": 0, "percent_statements_covered": 82.6086956521739, "percent_statements_covered_display": "83"}, "missing_lines": [175, 176, 185, 186], "excluded_lines": [], "start_line": 160}, "AnomalyDetector.check": {"executed_lines": [192, 193, 195, 197, 198, 199, 200, 203, 204, 208, 210, 213], "summary": {"covered_lines": 12, "num_statements": 15, "percent_covered": 80.0, "percent_covered_display": "80", "missing_lines": 3, "excluded_lines": 0, "percent_statements_covered": 80.0, "percent_statements_covered_display": "80"}, "missing_lines": [205, 206, 211], "excluded_lines": [], "start_line": 190}, "AnomalyDetector.history": {"executed_lines": [217], "summary": {"covered_lines": 1, "num_statements": 1, "percent_covered": 100.0, "percent_covered_display": "100", "missing_lines": 0, "excluded_lines": 0, "percent_statements_covered": 100.0, "percent_statements_covered_display": "100"}, "missing_lines": [], "excluded_lines": [], "start_line": 215}, "AnomalyDetector.health_check": {"executed_lines": [221, 222, 223], "summary": {"covered_lines": 3, "num_statements": 5, "percent_covered": 60.0, "percent_covered_display": "60", "missing_lines": 2, "excluded_lines": 0, "percent_statements_covered": 60.0, "percent_statements_covered_display": "60"}, "missing_lines": [224, 225], "excluded_lines": [], "start_line": 219}, "AnomalyDetector.stats": {"executed_lines": [229], "summary": {"covered_lines": 1, "num_statements": 1, "percent_covered": 100.0, "percent_covered_display": "100", "missing_lines": 0, "excluded_lines": 0, "percent_statements_covered": 100.0, "percent_statements_covered_display": "100"}, "missing_lines": [], "excluded_lines": [], "start_line": 227}, "cli_anomaly_check": {"executed_lines": [240, 241, 242], "summary": {"covered_lines": 3, "num_statements": 3, "percent_covered": 100.0, "percent_covered_display": "100", "missing_lines": 0, "excluded_lines": 0, "percent_statements_covered": 100.0, "percent_statements_covered_display": "100"}, "missing_lines": [], "excluded_lines": [], "start_line": 238}, "cli_anomaly_history": {"executed_lines": [250, 251], "summary": {"covered_lines": 2, "num_statements": 2, "percent_covered": 100.0, "percent_covered_display": "100", "missing_lines": 0, "excluded_lines": 0, "percent_statements_covered": 100.0, "percent_statements_covered_display": "100"}, "missing_lines": [], "excluded_lines": [], "start_line": 248}, "cli_anomaly_stats": {"executed_lines": [255, 256], "summary": {"covered_lines": 2, "num_statements": 2, "percent_covered": 100.0, "percent_covered_display": "100", "missing_lines": 0, "excluded_lines": 0, "percent_statements_covered": 100.0, "percent_statements_covered_display": "100"}, "missing_lines": [], "excluded_lines": [], "start_line": 253}, "": {"executed_lines": [16, 18, 19, 20, 21, 22, 23, 24, 25, 27, 32, 33, 35, 36, 37, 38, 39, 40, 41, 42, 44, 48, 49, 51, 52, 53, 58, 61, 68, 100, 103, 108, 142, 148, 154, 160, 190, 215, 219, 227, 238, 248, 253], "summary": {"covered_lines": 43, "num_statements": 43, "percent_covered": 100.0, "percent_covered_display": "100", "missing_lines": 0, "excluded_lines": 0, "percent_statements_covered": 100.0, "percent_statements_covered_display": "100"}, "missing_lines": [], "excluded_lines": [], "start_line": 1}}, "classes": {"AnomalyAlert": {"executed_lines": [45], "summary": {"covered_lines": 1, "num_statements": 1, "percent_covered": 100.0, "percent_covered_display": "100", "missing_lines": 0, "excluded_lines": 0, "percent_statements_covered": 100.0, "percent_statements_covered_display": "100"}, "missing_lines": [], "excluded_lines": [], "start_line": 33}, "MetricSample": {"executed_lines": [], "summary": {"covered_lines": 0, "num_statements": 0, "percent_covered": 100.0, "percent_covered_display": "100", "missing_lines": 0, "excluded_lines": 0, "percent_statements_covered": 100.0, "percent_statements_covered_display": "100"}, "missing_lines": [], "excluded_lines": [], "start_line": 49}, "ThresholdDetector": {"executed_lines": [66, 69, 70, 71, 73, 74, 79, 80, 85, 86, 91, 92, 97], "summary": {"covered_lines": 13, "num_statements": 13, "percent_covered": 100.0, "percent_covered_display": "100", "missing_lines": 0, "excluded_lines": 0, "percent_statements_covered": 100.0, "percent_statements_covered_display": "100"}, "missing_lines": [], "excluded_lines": [], "start_line": 58}, "ZScoreDetector": {"executed_lines": [104, 105, 106, 110, 111, 113, 116, 117, 118, 121, 122, 123, 125, 126, 127, 129, 130, 132, 133, 134, 139], "summary": {"covered_lines": 21, "num_statements": 21, "percent_covered": 100.0, "percent_covered_display": "100", "missing_lines": 0, "excluded_lines": 0, "percent_statements_covered": 100.0, "percent_statements_covered_display": "100"}, "missing_lines": [], "excluded_lines": [], "start_line": 100}, "AnomalyDetector": {"executed_lines": [155, 156, 157, 158, 162, 163, 164, 165, 166, 167, 169, 170, 171, 172, 173, 174, 179, 180, 181, 182, 183, 184, 188, 192, 193, 195, 197, 198, 199, 200, 203, 204, 208, 210, 213, 217, 221, 222, 223, 229], "summary": {"covered_lines": 40, "num_statements": 49, "percent_covered": 81.63265306122449, "percent_covered_display": "82", "missing_lines": 9, "excluded_lines": 0, "percent_statements_covered": 81.63265306122449, "percent_statements_covered_display": "82"}, "missing_lines": [175, 176, 185, 186, 205, 206, 211, 224, 225], "excluded_lines": [], "start_line": 142}, "": {"executed_lines": [16, 18, 19, 20, 21, 22, 23, 24, 25, 27, 32, 33, 35, 36, 37, 38, 39, 40, 41, 42, 44, 48, 49, 51, 52, 53, 58, 61, 68, 100, 103, 108, 142, 148, 154, 160, 190, 215, 219, 227, 238, 240, 241, 242, 248, 250, 251, 253, 255, 256], "summary": {"covered_lines": 50, "num_statements": 50, "percent_covered": 100.0, "percent_covered_display": "100", "missing_lines": 0, "excluded_lines": 0, "percent_statements_covered": 100.0, "percent_statements_covered_display": "100"}, "missing_lines": [], "excluded_lines": [], "start_line": 1}}}, "mark42/armor.py": {"executed_lines": [5, 6, 7, 8, 9, 10, 12, 13, 14, 15, 17, 32, 33, 44, 45, 46, 53, 54, 55, 56, 62, 64, 65, 66, 67, 77, 78, 79, 81, 82, 87, 88, 94, 95, 96, 98, 99, 100, 101, 102, 104, 105, 106, 107, 108, 109, 110, 111, 112, 116, 120, 132, 133, 140, 143, 145, 146, 147, 148, 149, 150, 151, 152, 153, 154, 155, 156, 157, 158, 159, 160, 161, 162, 164, 165, 166, 167, 168, 169, 170, 171, 174, 176, 177, 178, 183, 185, 186, 187, 189, 190, 191, 192, 194, 195, 196, 197, 198, 199, 200, 201, 202, 203, 204, 206, 208, 209, 212, 215, 216, 217, 218, 219, 220, 221, 222, 223, 224, 225, 226, 227, 228, 230, 231, 232, 233, 236, 237, 238, 239, 260, 261, 268, 273, 274, 275, 276, 277, 278, 279, 280, 281, 282, 283, 284, 285, 286, 287, 292, 293, 294, 295, 298, 311, 327, 328, 329, 330, 331, 338, 343, 344, 346, 349, 353, 354, 355, 357, 366, 367, 369, 370, 371, 372, 373, 376, 377, 378, 383, 384, 387, 388, 389, 392, 393, 394, 397, 398, 400, 402, 404, 406, 407, 410, 412, 413, 414, 415, 422, 423, 425, 426, 427, 431, 434, 438, 439, 440, 442, 443, 444, 446, 447, 449, 452, 453, 454, 455, 457, 458, 461, 463, 464, 474, 477, 482, 483, 484, 485, 486, 487, 488, 489, 492, 494, 495, 496, 509, 511, 512, 513, 514, 515, 516, 517, 518, 519, 520, 521, 522, 524, 540, 541, 542, 543, 544, 545, 551, 580, 581, 582, 583, 584, 585, 586, 587, 588, 589, 590, 600, 601, 606, 607, 608, 609, 610, 633, 634, 651, 652, 653, 654, 656, 661, 662, 665, 666, 674, 675, 676, 677, 678, 679, 680, 681, 682, 687, 688, 711, 713, 714, 718, 722, 725, 726, 727, 728, 729, 743, 745, 746, 755, 764, 766, 767, 768, 769, 770, 771, 772, 773, 776, 777, 791, 792, 798, 814, 815, 816, 817, 833, 834, 835, 836, 837, 838, 839, 840, 841, 842, 843, 844, 851, 854, 855, 856, 868, 869, 870, 871, 872, 873, 882, 899, 901, 902, 903, 904, 905, 906, 907, 908, 910, 911, 912, 913, 914, 915, 916, 924, 925, 926, 932, 933, 934, 935, 936, 937, 938, 939, 940, 941, 948, 950, 951, 952, 963, 964, 965, 966, 967, 968, 971, 985, 986, 992, 994, 996, 997, 998, 999, 1000, 1001, 1002, 1003, 1004, 1005, 1008, 1010, 1018, 1026, 1027, 1028, 1029, 1030, 1031, 1046, 1049, 1054, 1055, 1059, 1060, 1067, 1071, 1072, 1078, 1086, 1087, 1090, 1093, 1094, 1098, 1099, 1100, 1101, 1109, 1110, 1111, 1115, 1116, 1117, 1118, 1119, 1120, 1122, 1124, 1125, 1132, 1133, 1134, 1143, 1154, 1155, 1156, 1157, 1158, 1159, 1160, 1161, 1162, 1163, 1164, 1165, 1166, 1170, 1171, 1172, 1174, 1180, 1181, 1182, 1188, 1202, 1204, 1209, 1210, 1214, 1215, 1216, 1220, 1227, 1228, 1229, 1230, 1233, 1234, 1240, 1241, 1242, 1244, 1245, 1247, 1250, 1252, 1254, 1255, 1256, 1257, 1263, 1266, 1274, 1275, 1276, 1279, 1280, 1281, 1285, 1286, 1287, 1288, 1289, 1291, 1292, 1293, 1294, 1295, 1296, 1297, 1298, 1300, 1301, 1302, 1303, 1304, 1307, 1311, 1312, 1313, 1315, 1329, 1330, 1331, 1332, 1343], "summary": {"covered_lines": 534, "num_statements": 697, "percent_covered": 76.61406025824964, "percent_covered_display": "77", "missing_lines": 163, "excluded_lines": 0, "percent_statements_covered": 76.61406025824964, "percent_statements_covered_display": "77"}, "missing_lines": [47, 48, 49, 57, 58, 59, 113, 114, 115, 117, 118, 119, 235, 332, 358, 362, 363, 364, 429, 445, 448, 450, 470, 471, 472, 523, 591, 592, 593, 594, 595, 596, 597, 598, 599, 611, 612, 613, 614, 615, 616, 618, 619, 620, 623, 624, 625, 632, 689, 690, 692, 695, 696, 697, 698, 699, 700, 701, 702, 704, 705, 706, 708, 709, 715, 716, 723, 730, 731, 732, 733, 734, 735, 737, 738, 739, 740, 741, 747, 748, 749, 750, 751, 752, 756, 757, 758, 759, 760, 761, 762, 778, 779, 780, 781, 782, 783, 818, 819, 820, 821, 822, 823, 824, 825, 826, 874, 875, 883, 884, 885, 886, 887, 888, 889, 890, 897, 929, 930, 942, 943, 944, 945, 946, 970, 1006, 1007, 1019, 1021, 1043, 1044, 1068, 1069, 1073, 1074, 1075, 1095, 1102, 1103, 1104, 1105, 1106, 1112, 1136, 1137, 1138, 1139, 1140, 1173, 1177, 1178, 1179, 1205, 1206, 1217, 1218, 1282, 1283, 1305, 1308, 1309, 1340, 1341], "excluded_lines": [], "functions": {"armor_check": {"executed_lines": [64, 65, 66, 67, 77, 78, 79, 81, 82, 87, 88, 94, 95, 96, 98, 99, 100, 101, 102, 104, 105, 106, 107, 108, 109, 110, 111, 112, 116, 120, 132, 133, 140], "summary": {"covered_lines": 33, "num_statements": 39, "percent_covered": 84.61538461538461, "percent_covered_display": "85", "missing_lines": 6, "excluded_lines": 0, "percent_statements_covered": 84.61538461538461, "percent_statements_covered_display": "85"}, "missing_lines": [113, 114, 115, 117, 118, 119], "excluded_lines": [], "start_line": 62}, "_read_session_tail": {"executed_lines": [145, 146, 147, 148, 149, 150, 151, 152, 153, 154, 155, 156, 157, 158, 159, 160, 161, 162, 164, 165, 166, 167, 168, 169, 170, 171], "summary": {"covered_lines": 26, "num_statements": 26, "percent_covered": 100.0, "percent_covered_display": "100", "missing_lines": 0, "excluded_lines": 0, "percent_statements_covered": 100.0, "percent_statements_covered_display": "100"}, "missing_lines": [], "excluded_lines": [], "start_line": 143}, "_classify_messages": {"executed_lines": [176, 177, 178, 183, 185, 186, 187, 189, 190, 191, 192, 194, 195, 196, 197, 198, 199, 200, 201, 202, 203, 204, 206, 208, 209], "summary": {"covered_lines": 25, "num_statements": 25, "percent_covered": 100.0, "percent_covered_display": "100", "missing_lines": 0, "excluded_lines": 0, "percent_statements_covered": 100.0, "percent_statements_covered_display": "100"}, "missing_lines": [], "excluded_lines": [], "start_line": 174}, "_llm_analyze": {"executed_lines": [215, 216, 217, 218, 219, 220, 221, 222, 223, 224, 225, 226, 227, 228, 230, 231, 232, 233, 236, 237, 238, 239, 260, 261, 268, 273, 274, 275, 276, 277, 278, 279, 280, 281, 282, 283, 284, 285, 286, 287, 292, 293, 294, 295], "summary": {"covered_lines": 44, "num_statements": 45, "percent_covered": 97.77777777777777, "percent_covered_display": "98", "missing_lines": 1, "excluded_lines": 0, "percent_statements_covered": 97.77777777777777, "percent_statements_covered_display": "98"}, "missing_lines": [235], "excluded_lines": [], "start_line": 212}, "armor_pre_compact_hook": {"executed_lines": [311, 327, 328, 329, 330, 331, 338, 343, 344, 346], "summary": {"covered_lines": 10, "num_statements": 11, "percent_covered": 90.9090909090909, "percent_covered_display": "91", "missing_lines": 1, "excluded_lines": 0, "percent_statements_covered": 90.9090909090909, "percent_statements_covered_display": "91"}, "missing_lines": [332], "excluded_lines": [], "start_line": 298}, "_hook_via_scheduler": {"executed_lines": [353, 354, 355, 357, 366, 367, 369, 370, 371, 372, 373, 376, 377, 378, 383, 384, 387, 388, 389, 392, 393, 394, 397, 398, 400, 402, 404, 406, 407, 410, 412, 413, 414, 415, 422, 423, 425, 426, 427, 431], "summary": {"covered_lines": 40, "num_statements": 45, "percent_covered": 88.88888888888889, "percent_covered_display": "89", "missing_lines": 5, "excluded_lines": 0, "percent_statements_covered": 88.88888888888889, "percent_statements_covered_display": "89"}, "missing_lines": [358, 362, 363, 364, 429], "excluded_lines": [], "start_line": 349}, "_hook_direct_smartcrush": {"executed_lines": [438, 439, 440, 442, 443, 444, 446, 447, 449, 452, 453, 454, 455, 457, 458, 461, 463, 464, 474], "summary": {"covered_lines": 19, "num_statements": 25, "percent_covered": 76.0, "percent_covered_display": "76", "missing_lines": 6, "excluded_lines": 0, "percent_statements_covered": 76.0, "percent_statements_covered_display": "76"}, "missing_lines": [445, 448, 450, 470, 471, 472], "excluded_lines": [], "start_line": 434}, "armor_compress": {"executed_lines": [482, 483, 484, 485, 486, 487, 488, 489, 492, 494, 495, 496, 509, 511, 512, 513, 514, 515, 516, 517, 518, 519, 520, 521, 522, 524, 540, 541, 542, 543, 544, 545, 551, 580, 581, 582, 583, 584, 585, 586, 587, 588, 589, 590, 600, 601, 606, 607, 608, 609, 610, 633, 634, 651, 652, 653, 654, 656, 711, 718, 743, 745, 746, 755, 764, 766, 767, 768, 769, 770, 771, 772, 773, 776, 777, 791, 792, 798, 814, 815, 816, 817, 833, 834, 835, 836, 837, 838, 839, 840, 841, 842, 843, 844, 851, 854, 855, 856, 868, 869, 870, 871, 872, 873, 882, 899, 901, 902, 903, 904, 905, 906, 907, 908, 910, 911, 912, 913, 914, 915, 916, 924, 925, 926, 932, 933, 934, 935, 936, 937, 938, 939, 940, 941, 948, 950, 951, 952, 963, 964, 965, 966, 967, 968, 971, 985, 986, 992, 994, 996, 997, 998, 999, 1000, 1001, 1002, 1003, 1004, 1005, 1008, 1010, 1018, 1026, 1027, 1028, 1029, 1030, 1031, 1046], "summary": {"covered_lines": 169, "num_statements": 245, "percent_covered": 68.9795918367347, "percent_covered_display": "69", "missing_lines": 76, "excluded_lines": 0, "percent_statements_covered": 68.9795918367347, "percent_statements_covered_display": "69"}, "missing_lines": [523, 591, 592, 593, 594, 595, 596, 597, 598, 599, 611, 612, 613, 614, 615, 616, 618, 619, 620, 623, 624, 625, 632, 747, 748, 749, 750, 751, 752, 756, 757, 758, 759, 760, 761, 762, 778, 779, 780, 781, 782, 783, 818, 819, 820, 821, 822, 823, 824, 825, 826, 874, 875, 883, 884, 885, 886, 887, 888, 889, 890, 897, 929, 930, 942, 943, 944, 945, 946, 970, 1006, 1007, 1019, 1021, 1043, 1044], "excluded_lines": [], "start_line": 477}, "armor_compress._try_acquire_compact_lock": {"executed_lines": [661, 662, 665, 666, 674, 675, 676, 677, 678, 679, 680, 681, 682, 687, 688], "summary": {"covered_lines": 15, "num_statements": 31, "percent_covered": 48.38709677419355, "percent_covered_display": "48", "missing_lines": 16, "excluded_lines": 0, "percent_statements_covered": 48.38709677419355, "percent_statements_covered_display": "48"}, "missing_lines": [689, 690, 692, 695, 696, 697, 698, 699, 700, 701, 702, 704, 705, 706, 708, 709], "excluded_lines": [], "start_line": 656}, "armor_compress._release_compact_lock": {"executed_lines": [713, 714], "summary": {"covered_lines": 2, "num_statements": 4, "percent_covered": 50.0, "percent_covered_display": "50", "missing_lines": 2, "excluded_lines": 0, "percent_statements_covered": 50.0, "percent_statements_covered_display": "50"}, "missing_lines": [715, 716], "excluded_lines": [], "start_line": 711}, "armor_compress._platform_compact_probe": {"executed_lines": [722, 725, 726, 727, 728, 729], "summary": {"covered_lines": 6, "num_statements": 18, "percent_covered": 33.333333333333336, "percent_covered_display": "33", "missing_lines": 12, "excluded_lines": 0, "percent_statements_covered": 33.333333333333336, "percent_statements_covered_display": "33"}, "missing_lines": [723, 730, 731, 732, 733, 734, 735, 737, 738, 739, 740, 741], "excluded_lines": [], "start_line": 718}, "_send_context_warn_event": {"executed_lines": [1054, 1055, 1059, 1060, 1067, 1071, 1072], "summary": {"covered_lines": 7, "num_statements": 12, "percent_covered": 58.333333333333336, "percent_covered_display": "58", "missing_lines": 5, "excluded_lines": 0, "percent_statements_covered": 58.333333333333336, "percent_statements_covered_display": "58"}, "missing_lines": [1068, 1069, 1073, 1074, 1075], "excluded_lines": [], "start_line": 1049}, "_inject_memory_index": {"executed_lines": [1086, 1087, 1090, 1093, 1094, 1098, 1099, 1100, 1101, 1109, 1110, 1111, 1115, 1116, 1117, 1118, 1119, 1120, 1122, 1124, 1125, 1132, 1133, 1134], "summary": {"covered_lines": 24, "num_statements": 36, "percent_covered": 66.66666666666667, "percent_covered_display": "67", "missing_lines": 12, "excluded_lines": 0, "percent_statements_covered": 66.66666666666667, "percent_statements_covered_display": "67"}, "missing_lines": [1095, 1102, 1103, 1104, 1105, 1106, 1112, 1136, 1137, 1138, 1139, 1140], "excluded_lines": [], "start_line": 1078}, "armor_guard": {"executed_lines": [1154, 1155, 1156, 1157, 1158, 1159, 1160, 1161, 1162, 1163, 1164, 1165, 1166, 1170, 1171, 1172, 1174, 1180, 1181, 1182], "summary": {"covered_lines": 20, "num_statements": 24, "percent_covered": 83.33333333333333, "percent_covered_display": "83", "missing_lines": 4, "excluded_lines": 0, "percent_statements_covered": 83.33333333333333, "percent_statements_covered_display": "83"}, "missing_lines": [1173, 1177, 1178, 1179], "excluded_lines": [], "start_line": 1143}, "armor_compress_async": {"executed_lines": [1202, 1204, 1209, 1210, 1214, 1215, 1216, 1220, 1227, 1228, 1229, 1230, 1233, 1234, 1240, 1241, 1242, 1244, 1245, 1247], "summary": {"covered_lines": 20, "num_statements": 24, "percent_covered": 83.33333333333333, "percent_covered_display": "83", "missing_lines": 4, "excluded_lines": 0, "percent_statements_covered": 83.33333333333333, "percent_statements_covered_display": "83"}, "missing_lines": [1205, 1206, 1217, 1218], "excluded_lines": [], "start_line": 1188}, "armor_compress_queue_stats": {"executed_lines": [1252, 1254, 1255, 1256, 1257], "summary": {"covered_lines": 5, "num_statements": 5, "percent_covered": 100.0, "percent_covered_display": "100", "missing_lines": 0, "excluded_lines": 0, "percent_statements_covered": 100.0, "percent_statements_covered_display": "100"}, "missing_lines": [], "excluded_lines": [], "start_line": 1250}, "armor_llm_stats": {"executed_lines": [1274, 1275, 1276, 1279, 1280, 1281, 1285, 1286, 1287, 1288, 1289, 1291, 1292, 1293, 1294, 1295, 1296, 1297, 1298, 1300, 1301, 1302, 1303, 1304, 1307, 1311, 1312, 1313, 1315, 1329, 1330, 1331, 1332, 1343], "summary": {"covered_lines": 34, "num_statements": 41, "percent_covered": 82.92682926829268, "percent_covered_display": "83", "missing_lines": 7, "excluded_lines": 0, "percent_statements_covered": 82.92682926829268, "percent_statements_covered_display": "83"}, "missing_lines": [1282, 1283, 1305, 1308, 1309, 1340, 1341], "excluded_lines": [], "start_line": 1266}, "": {"executed_lines": [5, 6, 7, 8, 9, 10, 12, 13, 14, 15, 17, 32, 33, 44, 45, 46, 53, 54, 55, 56, 62, 143, 174, 212, 298, 349, 434, 477, 1049, 1078, 1143, 1188, 1250, 1263, 1266], "summary": {"covered_lines": 35, "num_statements": 41, "percent_covered": 85.36585365853658, "percent_covered_display": "85", "missing_lines": 6, "excluded_lines": 0, "percent_statements_covered": 85.36585365853658, "percent_statements_covered_display": "85"}, "missing_lines": [47, 48, 49, 57, 58, 59], "excluded_lines": [], "start_line": 1}}, "classes": {"": {"executed_lines": [5, 6, 7, 8, 9, 10, 12, 13, 14, 15, 17, 32, 33, 44, 45, 46, 53, 54, 55, 56, 62, 64, 65, 66, 67, 77, 78, 79, 81, 82, 87, 88, 94, 95, 96, 98, 99, 100, 101, 102, 104, 105, 106, 107, 108, 109, 110, 111, 112, 116, 120, 132, 133, 140, 143, 145, 146, 147, 148, 149, 150, 151, 152, 153, 154, 155, 156, 157, 158, 159, 160, 161, 162, 164, 165, 166, 167, 168, 169, 170, 171, 174, 176, 177, 178, 183, 185, 186, 187, 189, 190, 191, 192, 194, 195, 196, 197, 198, 199, 200, 201, 202, 203, 204, 206, 208, 209, 212, 215, 216, 217, 218, 219, 220, 221, 222, 223, 224, 225, 226, 227, 228, 230, 231, 232, 233, 236, 237, 238, 239, 260, 261, 268, 273, 274, 275, 276, 277, 278, 279, 280, 281, 282, 283, 284, 285, 286, 287, 292, 293, 294, 295, 298, 311, 327, 328, 329, 330, 331, 338, 343, 344, 346, 349, 353, 354, 355, 357, 366, 367, 369, 370, 371, 372, 373, 376, 377, 378, 383, 384, 387, 388, 389, 392, 393, 394, 397, 398, 400, 402, 404, 406, 407, 410, 412, 413, 414, 415, 422, 423, 425, 426, 427, 431, 434, 438, 439, 440, 442, 443, 444, 446, 447, 449, 452, 453, 454, 455, 457, 458, 461, 463, 464, 474, 477, 482, 483, 484, 485, 486, 487, 488, 489, 492, 494, 495, 496, 509, 511, 512, 513, 514, 515, 516, 517, 518, 519, 520, 521, 522, 524, 540, 541, 542, 543, 544, 545, 551, 580, 581, 582, 583, 584, 585, 586, 587, 588, 589, 590, 600, 601, 606, 607, 608, 609, 610, 633, 634, 651, 652, 653, 654, 656, 661, 662, 665, 666, 674, 675, 676, 677, 678, 679, 680, 681, 682, 687, 688, 711, 713, 714, 718, 722, 725, 726, 727, 728, 729, 743, 745, 746, 755, 764, 766, 767, 768, 769, 770, 771, 772, 773, 776, 777, 791, 792, 798, 814, 815, 816, 817, 833, 834, 835, 836, 837, 838, 839, 840, 841, 842, 843, 844, 851, 854, 855, 856, 868, 869, 870, 871, 872, 873, 882, 899, 901, 902, 903, 904, 905, 906, 907, 908, 910, 911, 912, 913, 914, 915, 916, 924, 925, 926, 932, 933, 934, 935, 936, 937, 938, 939, 940, 941, 948, 950, 951, 952, 963, 964, 965, 966, 967, 968, 971, 985, 986, 992, 994, 996, 997, 998, 999, 1000, 1001, 1002, 1003, 1004, 1005, 1008, 1010, 1018, 1026, 1027, 1028, 1029, 1030, 1031, 1046, 1049, 1054, 1055, 1059, 1060, 1067, 1071, 1072, 1078, 1086, 1087, 1090, 1093, 1094, 1098, 1099, 1100, 1101, 1109, 1110, 1111, 1115, 1116, 1117, 1118, 1119, 1120, 1122, 1124, 1125, 1132, 1133, 1134, 1143, 1154, 1155, 1156, 1157, 1158, 1159, 1160, 1161, 1162, 1163, 1164, 1165, 1166, 1170, 1171, 1172, 1174, 1180, 1181, 1182, 1188, 1202, 1204, 1209, 1210, 1214, 1215, 1216, 1220, 1227, 1228, 1229, 1230, 1233, 1234, 1240, 1241, 1242, 1244, 1245, 1247, 1250, 1252, 1254, 1255, 1256, 1257, 1263, 1266, 1274, 1275, 1276, 1279, 1280, 1281, 1285, 1286, 1287, 1288, 1289, 1291, 1292, 1293, 1294, 1295, 1296, 1297, 1298, 1300, 1301, 1302, 1303, 1304, 1307, 1311, 1312, 1313, 1315, 1329, 1330, 1331, 1332, 1343], "summary": {"covered_lines": 534, "num_statements": 697, "percent_covered": 76.61406025824964, "percent_covered_display": "77", "missing_lines": 163, "excluded_lines": 0, "percent_statements_covered": 76.61406025824964, "percent_statements_covered_display": "77"}, "missing_lines": [47, 48, 49, 57, 58, 59, 113, 114, 115, 117, 118, 119, 235, 332, 358, 362, 363, 364, 429, 445, 448, 450, 470, 471, 472, 523, 591, 592, 593, 594, 595, 596, 597, 598, 599, 611, 612, 613, 614, 615, 616, 618, 619, 620, 623, 624, 625, 632, 689, 690, 692, 695, 696, 697, 698, 699, 700, 701, 702, 704, 705, 706, 708, 709, 715, 716, 723, 730, 731, 732, 733, 734, 735, 737, 738, 739, 740, 741, 747, 748, 749, 750, 751, 752, 756, 757, 758, 759, 760, 761, 762, 778, 779, 780, 781, 782, 783, 818, 819, 820, 821, 822, 823, 824, 825, 826, 874, 875, 883, 884, 885, 886, 887, 888, 889, 890, 897, 929, 930, 942, 943, 944, 945, 946, 970, 1006, 1007, 1019, 1021, 1043, 1044, 1068, 1069, 1073, 1074, 1075, 1095, 1102, 1103, 1104, 1105, 1106, 1112, 1136, 1137, 1138, 1139, 1140, 1173, 1177, 1178, 1179, 1205, 1206, 1217, 1218, 1282, 1283, 1305, 1308, 1309, 1340, 1341], "excluded_lines": [], "start_line": 1}}}, "mark42/audit/__init__.py": {"executed_lines": [17, 19, 24, 25, 27, 28, 29, 30, 33, 34, 36, 37, 38, 39, 40, 41, 46, 56, 57], "summary": {"covered_lines": 19, "num_statements": 19, "percent_covered": 100.0, "percent_covered_display": "100", "missing_lines": 0, "excluded_lines": 0, "percent_statements_covered": 100.0, "percent_statements_covered_display": "100"}, "missing_lines": [], "excluded_lines": [], "functions": {"": {"executed_lines": [17, 19, 24, 25, 27, 28, 29, 30, 33, 34, 36, 37, 38, 39, 40, 41, 46, 56, 57], "summary": {"covered_lines": 19, "num_statements": 19, "percent_covered": 100.0, "percent_covered_display": "100", "missing_lines": 0, "excluded_lines": 0, "percent_statements_covered": 100.0, "percent_statements_covered_display": "100"}, "missing_lines": [], "excluded_lines": [], "start_line": 1}}, "classes": {"Finding": {"executed_lines": [], "summary": {"covered_lines": 0, "num_statements": 0, "percent_covered": 100.0, "percent_covered_display": "100", "missing_lines": 0, "excluded_lines": 0, "percent_statements_covered": 100.0, "percent_statements_covered_display": "100"}, "missing_lines": [], "excluded_lines": [], "start_line": 25}, "AuditResult": {"executed_lines": [], "summary": {"covered_lines": 0, "num_statements": 0, "percent_covered": 100.0, "percent_covered_display": "100", "missing_lines": 0, "excluded_lines": 0, "percent_statements_covered": 100.0, "percent_statements_covered_display": "100"}, "missing_lines": [], "excluded_lines": [], "start_line": 34}, "": {"executed_lines": [17, 19, 24, 25, 27, 28, 29, 30, 33, 34, 36, 37, 38, 39, 40, 41, 46, 56, 57], "summary": {"covered_lines": 19, "num_statements": 19, "percent_covered": 100.0, "percent_covered_display": "100", "missing_lines": 0, "excluded_lines": 0, "percent_statements_covered": 100.0, "percent_statements_covered_display": "100"}, "missing_lines": [], "excluded_lines": [], "start_line": 1}}}, "mark42/audit/checker.py": {"executed_lines": [10, 12, 13, 14, 16, 21, 22, 25, 37, 44, 45, 47, 60, 66, 67, 69, 72, 74, 75, 84, 85, 87, 88, 89, 91, 112, 114, 115, 116, 117, 118, 119, 120, 121, 122, 124, 125, 126, 128, 130, 132, 135, 136, 137, 138, 139, 140, 145, 146, 147, 148, 154, 155, 157, 160, 162, 164, 165, 172, 173, 176, 177, 180, 181, 182, 185, 186, 187, 188, 189, 191, 192, 193, 194, 195, 197, 199, 210, 217, 223, 224, 226, 227, 228, 230, 231, 239, 240, 242, 243, 244, 245, 246, 247, 249, 250, 252, 257, 259, 262, 263, 266, 271, 276], "summary": {"covered_lines": 104, "num_statements": 119, "percent_covered": 87.39495798319328, "percent_covered_display": "87", "missing_lines": 15, "excluded_lines": 4, "percent_statements_covered": 87.39495798319328, "percent_statements_covered_display": "87"}, "missing_lines": [49, 50, 51, 52, 53, 54, 55, 56, 57, 58, 141, 142, 143, 232, 236], "excluded_lines": [31, 32, 33, 34], "functions": {"Checker.check": {"executed_lines": [], "summary": {"covered_lines": 0, "num_statements": 0, "percent_covered": 100.0, "percent_covered_display": "100", "missing_lines": 0, "excluded_lines": 1, "percent_statements_covered": 100.0, "percent_statements_covered_display": "100"}, "missing_lines": [], "excluded_lines": [31], "start_line": 25}, "LLMChecker.__init__": {"executed_lines": [45], "summary": {"covered_lines": 1, "num_statements": 1, "percent_covered": 100.0, "percent_covered_display": "100", "missing_lines": 0, "excluded_lines": 0, "percent_statements_covered": 100.0, "percent_statements_covered_display": "100"}, "missing_lines": [], "excluded_lines": [], "start_line": 44}, "LLMChecker._get_llm": {"executed_lines": [], "summary": {"covered_lines": 0, "num_statements": 10, "percent_covered": 0.0, "percent_covered_display": "0", "missing_lines": 10, "excluded_lines": 0, "percent_statements_covered": 0.0, "percent_statements_covered_display": "0"}, "missing_lines": [49, 50, 51, 52, 53, 54, 55, 56, 57, 58], "excluded_lines": [], "start_line": 47}, "LLMChecker.check": {"executed_lines": [66, 67, 69, 72, 74, 75, 84, 85, 87, 88, 89], "summary": {"covered_lines": 11, "num_statements": 11, "percent_covered": 100.0, "percent_covered_display": "100", "missing_lines": 0, "excluded_lines": 0, "percent_statements_covered": 100.0, "percent_statements_covered_display": "100"}, "missing_lines": [], "excluded_lines": [], "start_line": 60}, "LLMChecker._build_prompt": {"executed_lines": [114, 115, 116, 117, 118, 119, 120, 121, 122, 124, 125, 126, 128], "summary": {"covered_lines": 13, "num_statements": 13, "percent_covered": 100.0, "percent_covered_display": "100", "missing_lines": 0, "excluded_lines": 0, "percent_statements_covered": 100.0, "percent_statements_covered_display": "100"}, "missing_lines": [], "excluded_lines": [], "start_line": 112}, "LLMChecker._parse_llm_response": {"executed_lines": [132, 135, 136, 137, 138, 139, 140, 145, 146, 147, 148, 154, 155, 157, 160], "summary": {"covered_lines": 15, "num_statements": 18, "percent_covered": 83.33333333333333, "percent_covered_display": "83", "missing_lines": 3, "excluded_lines": 0, "percent_statements_covered": 83.33333333333333, "percent_statements_covered_display": "83"}, "missing_lines": [141, 142, 143], "excluded_lines": [], "start_line": 130}, "LLMChecker._compute_result": {"executed_lines": [164, 165, 172, 173, 176, 177, 180, 181, 182, 185, 186, 187, 188, 189, 191, 192, 193, 194, 195, 197, 199], "summary": {"covered_lines": 21, "num_statements": 21, "percent_covered": 100.0, "percent_covered_display": "100", "missing_lines": 0, "excluded_lines": 0, "percent_statements_covered": 100.0, "percent_statements_covered_display": "100"}, "missing_lines": [], "excluded_lines": [], "start_line": 162}, "RuleChecker.check": {"executed_lines": [223, 224, 226, 227, 228, 230, 231, 239, 240, 242, 243, 244, 245, 246, 247, 249, 250, 252, 257], "summary": {"covered_lines": 19, "num_statements": 21, "percent_covered": 90.47619047619048, "percent_covered_display": "90", "missing_lines": 2, "excluded_lines": 0, "percent_statements_covered": 90.47619047619048, "percent_statements_covered_display": "90"}, "missing_lines": [232, 236], "excluded_lines": [], "start_line": 217}, "RuleChecker._extract_keywords": {"executed_lines": [262, 263, 266, 271, 276], "summary": {"covered_lines": 5, "num_statements": 5, "percent_covered": 100.0, "percent_covered_display": "100", "missing_lines": 0, "excluded_lines": 0, "percent_statements_covered": 100.0, "percent_statements_covered_display": "100"}, "missing_lines": [], "excluded_lines": [], "start_line": 259}, "": {"executed_lines": [10, 12, 13, 14, 16, 21, 22, 25, 37, 44, 47, 60, 91, 112, 130, 162, 210, 217, 259], "summary": {"covered_lines": 19, "num_statements": 19, "percent_covered": 100.0, "percent_covered_display": "100", "missing_lines": 0, "excluded_lines": 3, "percent_statements_covered": 100.0, "percent_statements_covered_display": "100"}, "missing_lines": [], "excluded_lines": [32, 33, 34], "start_line": 1}}, "classes": {"Checker": {"executed_lines": [], "summary": {"covered_lines": 0, "num_statements": 0, "percent_covered": 100.0, "percent_covered_display": "100", "missing_lines": 0, "excluded_lines": 1, "percent_statements_covered": 100.0, "percent_statements_covered_display": "100"}, "missing_lines": [], "excluded_lines": [31], "start_line": 22}, "LLMChecker": {"executed_lines": [45, 66, 67, 69, 72, 74, 75, 84, 85, 87, 88, 89, 114, 115, 116, 117, 118, 119, 120, 121, 122, 124, 125, 126, 128, 132, 135, 136, 137, 138, 139, 140, 145, 146, 147, 148, 154, 155, 157, 160, 164, 165, 172, 173, 176, 177, 180, 181, 182, 185, 186, 187, 188, 189, 191, 192, 193, 194, 195, 197, 199], "summary": {"covered_lines": 61, "num_statements": 74, "percent_covered": 82.43243243243244, "percent_covered_display": "82", "missing_lines": 13, "excluded_lines": 0, "percent_statements_covered": 82.43243243243244, "percent_statements_covered_display": "82"}, "missing_lines": [49, 50, 51, 52, 53, 54, 55, 56, 57, 58, 141, 142, 143], "excluded_lines": [], "start_line": 37}, "RuleChecker": {"executed_lines": [223, 224, 226, 227, 228, 230, 231, 239, 240, 242, 243, 244, 245, 246, 247, 249, 250, 252, 257, 262, 263, 266, 271, 276], "summary": {"covered_lines": 24, "num_statements": 26, "percent_covered": 92.3076923076923, "percent_covered_display": "92", "missing_lines": 2, "excluded_lines": 0, "percent_statements_covered": 92.3076923076923, "percent_statements_covered_display": "92"}, "missing_lines": [232, 236], "excluded_lines": [], "start_line": 210}, "": {"executed_lines": [10, 12, 13, 14, 16, 21, 22, 25, 37, 44, 47, 60, 91, 112, 130, 162, 210, 217, 259], "summary": {"covered_lines": 19, "num_statements": 19, "percent_covered": 100.0, "percent_covered_display": "100", "missing_lines": 0, "excluded_lines": 3, "percent_statements_covered": 100.0, "percent_statements_covered_display": "100"}, "missing_lines": [], "excluded_lines": [32, 33, 34], "start_line": 1}}}, "mark42/audit/pinning.py": {"executed_lines": [20, 22, 24, 28, 35, 38, 41, 51, 52, 54, 60, 61, 63, 64, 65, 66, 68, 69, 70, 71, 72, 73, 77, 78, 80, 81, 82, 84, 92, 93, 94, 96, 98, 99, 101, 102, 103, 105, 106, 107, 109, 110, 111, 112, 114, 116, 117, 118, 119, 120, 121, 122, 125, 127, 128, 129, 130, 131, 132, 133, 135, 136, 138, 140, 149, 150, 152, 153, 155, 156, 157, 169, 170, 171, 173, 179, 180, 182, 183, 185, 186, 188, 189, 191, 192, 193, 194, 196, 197, 198], "summary": {"covered_lines": 90, "num_statements": 93, "percent_covered": 96.7741935483871, "percent_covered_display": "97", "missing_lines": 3, "excluded_lines": 0, "percent_statements_covered": 96.7741935483871, "percent_statements_covered_display": "97"}, "missing_lines": [74, 75, 123], "excluded_lines": [], "functions": {"ConstraintPinner.__init__": {"executed_lines": [52], "summary": {"covered_lines": 1, "num_statements": 1, "percent_covered": 100.0, "percent_covered_display": "100", "missing_lines": 0, "excluded_lines": 0, "percent_statements_covered": 100.0, "percent_statements_covered_display": "100"}, "missing_lines": [], "excluded_lines": [], "start_line": 51}, "ConstraintPinner.extract_pinned_constraints": {"executed_lines": [60, 61, 63, 64, 65, 66, 68, 69, 70, 71, 72, 73, 77, 78, 80, 81, 82], "summary": {"covered_lines": 17, "num_statements": 19, "percent_covered": 89.47368421052632, "percent_covered_display": "89", "missing_lines": 2, "excluded_lines": 0, "percent_statements_covered": 89.47368421052632, "percent_statements_covered_display": "89"}, "missing_lines": [74, 75], "excluded_lines": [], "start_line": 54}, "ConstraintPinner._extract_essential_lines": {"executed_lines": [92, 93, 94, 96, 98, 99, 101, 102, 103, 105, 106, 107, 109, 110, 111, 112, 114, 116, 117, 118, 119, 120, 121, 122, 125, 127, 128, 129, 130, 131, 132, 133, 135, 136, 138], "summary": {"covered_lines": 35, "num_statements": 36, "percent_covered": 97.22222222222223, "percent_covered_display": "97", "missing_lines": 1, "excluded_lines": 0, "percent_statements_covered": 97.22222222222223, "percent_statements_covered_display": "97"}, "missing_lines": [123], "excluded_lines": [], "start_line": 84}, "ConstraintPinner.inject_via_broker": {"executed_lines": [149, 150, 152, 153, 155, 156, 157, 169, 170, 171], "summary": {"covered_lines": 10, "num_statements": 10, "percent_covered": 100.0, "percent_covered_display": "100", "missing_lines": 0, "excluded_lines": 0, "percent_statements_covered": 100.0, "percent_statements_covered_display": "100"}, "missing_lines": [], "excluded_lines": [], "start_line": 140}, "ConstraintPinner.inject_to_file": {"executed_lines": [179, 180, 182, 183, 185, 186, 188, 189, 191, 192, 193, 194, 196, 197, 198], "summary": {"covered_lines": 15, "num_statements": 15, "percent_covered": 100.0, "percent_covered_display": "100", "missing_lines": 0, "excluded_lines": 0, "percent_statements_covered": 100.0, "percent_statements_covered_display": "100"}, "missing_lines": [], "excluded_lines": [], "start_line": 173}, "": {"executed_lines": [20, 22, 24, 28, 35, 38, 41, 51, 54, 84, 140, 173], "summary": {"covered_lines": 12, "num_statements": 12, "percent_covered": 100.0, "percent_covered_display": "100", "missing_lines": 0, "excluded_lines": 0, "percent_statements_covered": 100.0, "percent_statements_covered_display": "100"}, "missing_lines": [], "excluded_lines": [], "start_line": 1}}, "classes": {"ConstraintPinner": {"executed_lines": [52, 60, 61, 63, 64, 65, 66, 68, 69, 70, 71, 72, 73, 77, 78, 80, 81, 82, 92, 93, 94, 96, 98, 99, 101, 102, 103, 105, 106, 107, 109, 110, 111, 112, 114, 116, 117, 118, 119, 120, 121, 122, 125, 127, 128, 129, 130, 131, 132, 133, 135, 136, 138, 149, 150, 152, 153, 155, 156, 157, 169, 170, 171, 179, 180, 182, 183, 185, 186, 188, 189, 191, 192, 193, 194, 196, 197, 198], "summary": {"covered_lines": 78, "num_statements": 81, "percent_covered": 96.29629629629629, "percent_covered_display": "96", "missing_lines": 3, "excluded_lines": 0, "percent_statements_covered": 96.29629629629629, "percent_statements_covered_display": "96"}, "missing_lines": [74, 75, 123], "excluded_lines": [], "start_line": 41}, "": {"executed_lines": [20, 22, 24, 28, 35, 38, 41, 51, 54, 84, 140, 173], "summary": {"covered_lines": 12, "num_statements": 12, "percent_covered": 100.0, "percent_covered_display": "100", "missing_lines": 0, "excluded_lines": 0, "percent_statements_covered": 100.0, "percent_statements_covered_display": "100"}, "missing_lines": [], "excluded_lines": [], "start_line": 1}}}, "mark42/audit/report.py": {"executed_lines": [7, 9, 10, 12, 13, 14, 18, 21, 31, 33, 34, 36, 55, 58, 60, 63, 65, 66, 68, 70, 86, 88, 91, 97, 98, 99, 100, 101], "summary": {"covered_lines": 28, "num_statements": 29, "percent_covered": 96.55172413793103, "percent_covered_display": "97", "missing_lines": 1, "excluded_lines": 0, "percent_statements_covered": 96.55172413793103, "percent_statements_covered_display": "97"}, "missing_lines": [89], "excluded_lines": [], "functions": {"write_report": {"executed_lines": [31, 33, 34, 36, 55, 58, 60], "summary": {"covered_lines": 7, "num_statements": 7, "percent_covered": 100.0, "percent_covered_display": "100", "missing_lines": 0, "excluded_lines": 0, "percent_statements_covered": 100.0, "percent_statements_covered_display": "100"}, "missing_lines": [], "excluded_lines": [], "start_line": 21}, "send_alert": {"executed_lines": [65, 66, 68, 70], "summary": {"covered_lines": 4, "num_statements": 4, "percent_covered": 100.0, "percent_covered_display": "100", "missing_lines": 0, "excluded_lines": 0, "percent_statements_covered": 100.0, "percent_statements_covered_display": "100"}, "missing_lines": [], "excluded_lines": [], "start_line": 63}, "_cleanup_old_reports": {"executed_lines": [88, 91, 97, 98, 99, 100, 101], "summary": {"covered_lines": 7, "num_statements": 8, "percent_covered": 87.5, "percent_covered_display": "88", "missing_lines": 1, "excluded_lines": 0, "percent_statements_covered": 87.5, "percent_statements_covered_display": "88"}, "missing_lines": [89], "excluded_lines": [], "start_line": 86}, "": {"executed_lines": [7, 9, 10, 12, 13, 14, 18, 21, 63, 86], "summary": {"covered_lines": 10, "num_statements": 10, "percent_covered": 100.0, "percent_covered_display": "100", "missing_lines": 0, "excluded_lines": 0, "percent_statements_covered": 100.0, "percent_statements_covered_display": "100"}, "missing_lines": [], "excluded_lines": [], "start_line": 1}}, "classes": {"": {"executed_lines": [7, 9, 10, 12, 13, 14, 18, 21, 31, 33, 34, 36, 55, 58, 60, 63, 65, 66, 68, 70, 86, 88, 91, 97, 98, 99, 100, 101], "summary": {"covered_lines": 28, "num_statements": 29, "percent_covered": 96.55172413793103, "percent_covered_display": "97", "missing_lines": 1, "excluded_lines": 0, "percent_statements_covered": 96.55172413793103, "percent_statements_covered_display": "97"}, "missing_lines": [89], "excluded_lines": [], "start_line": 1}}}, "mark42/audit/snapshot_reader.py": {"executed_lines": [14, 16, 17, 18, 19, 24, 25, 33, 34, 37, 49, 67, 80, 81, 83, 85, 88, 89, 93, 94, 95, 96, 98, 99, 100, 103, 104, 106, 107, 109, 110, 112, 118, 120, 121, 122, 125, 135, 136, 139, 140, 141, 142, 143, 144, 145, 148, 149, 150, 151, 153, 154, 155, 157, 158, 162, 166, 168, 170, 171, 172, 173, 174, 176, 178, 182, 183, 184, 186, 188, 189, 190, 192, 193, 194, 197, 198, 199, 201, 203, 209, 210, 211, 212, 214, 215, 216, 218, 219, 220, 221, 223, 224, 225, 228, 229, 230, 231, 232, 233, 234, 236, 237, 238, 239, 240, 242, 243, 244, 248, 250, 252, 254, 255, 256, 257, 258, 260, 262, 263, 264, 265, 266, 267, 269, 271, 273, 274, 275, 277, 278, 279, 280, 282, 287, 289, 294, 298, 300, 302, 304, 308, 310, 312, 314, 315, 316, 317, 318], "summary": {"covered_lines": 149, "num_statements": 170, "percent_covered": 87.6470588235294, "percent_covered_display": "88", "missing_lines": 21, "excluded_lines": 6, "percent_statements_covered": 87.6470588235294, "percent_statements_covered_display": "88"}, "missing_lines": [26, 27, 86, 90, 91, 101, 102, 159, 160, 195, 245, 246, 290, 291, 292, 295, 296, 297, 305, 306, 307], "excluded_lines": [47, 48, 61, 62, 63, 64], "functions": {"SnapshotReader.find_latest_before": {"executed_lines": [], "summary": {"covered_lines": 0, "num_statements": 0, "percent_covered": 100.0, "percent_covered_display": "100", "missing_lines": 0, "excluded_lines": 1, "percent_statements_covered": 100.0, "percent_statements_covered_display": "100"}, "missing_lines": [], "excluded_lines": [47], "start_line": 37}, "SnapshotReader.extract_key_info": {"executed_lines": [], "summary": {"covered_lines": 0, "num_statements": 0, "percent_covered": 100.0, "percent_covered_display": "100", "missing_lines": 0, "excluded_lines": 1, "percent_statements_covered": 100.0, "percent_statements_covered_display": "100"}, "missing_lines": [], "excluded_lines": [61], "start_line": 49}, "OpenClawSnapshotReader.__init__": {"executed_lines": [81], "summary": {"covered_lines": 1, "num_statements": 1, "percent_covered": 100.0, "percent_covered_display": "100", "missing_lines": 0, "excluded_lines": 0, "percent_statements_covered": 100.0, "percent_statements_covered_display": "100"}, "missing_lines": [], "excluded_lines": [], "start_line": 80}, "OpenClawSnapshotReader.find_latest_before": {"executed_lines": [85, 88, 89, 93, 94, 95, 96, 98, 99, 100, 103, 104, 106, 107, 109, 110, 112], "summary": {"covered_lines": 17, "num_statements": 22, "percent_covered": 77.27272727272727, "percent_covered_display": "77", "missing_lines": 5, "excluded_lines": 0, "percent_statements_covered": 77.27272727272727, "percent_statements_covered_display": "77"}, "missing_lines": [86, 90, 91, 101, 102], "excluded_lines": [], "start_line": 83}, "OpenClawSnapshotReader.extract_key_info": {"executed_lines": [120, 121, 122, 125, 135, 136, 139, 140, 141, 142, 143, 144, 145, 148, 149, 150, 151, 153, 154, 155, 157, 158, 162], "summary": {"covered_lines": 23, "num_statements": 25, "percent_covered": 92.0, "percent_covered_display": "92", "missing_lines": 2, "excluded_lines": 0, "percent_statements_covered": 92.0, "percent_statements_covered_display": "92"}, "missing_lines": [159, 160], "excluded_lines": [], "start_line": 118}, "OpenClawSnapshotReader._extract_identity": {"executed_lines": [168, 170, 171, 172, 173, 174, 176, 178, 182, 183, 184, 186, 188, 189, 190, 192, 193, 194, 197, 198, 199, 201], "summary": {"covered_lines": 22, "num_statements": 23, "percent_covered": 95.65217391304348, "percent_covered_display": "96", "missing_lines": 1, "excluded_lines": 0, "percent_statements_covered": 95.65217391304348, "percent_statements_covered_display": "96"}, "missing_lines": [195], "excluded_lines": [], "start_line": 166}, "OpenClawSnapshotReader._extract_preferences": {"executed_lines": [209
[...]
ent_covered": 100.0, "percent_covered_display": "100", "missing_lines": 0, "excluded_lines": 0, "percent_statements_covered": 100.0, "percent_statements_covered_display": "100"}, "missing_lines": [], "excluded_lines": [], "start_line": 161}, "get_section": {"executed_lines": [169, 170], "summary": {"covered_lines": 2, "num_statements": 2, "percent_covered": 100.0, "percent_covered_display": "100", "missing_lines": 0, "excluded_lines": 0, "percent_statements_covered": 100.0, "percent_statements_covered_display": "100"}, "missing_lines": [], "excluded_lines": [], "start_line": 167}, "init_user_config": {"executed_lines": [], "summary": {"covered_lines": 0, "num_statements": 10, "percent_covered": 0.0, "percent_covered_display": "0", "missing_lines": 10, "excluded_lines": 0, "percent_statements_covered": 0.0, "percent_statements_covered_display": "0"}, "missing_lines": [178, 179, 180, 182, 185, 186, 187, 189, 192, 194], "excluded_lines": [], "start_line": 176}, "reload": {"executed_lines": [199], "summary": {"covered_lines": 1, "num_statements": 1, "percent_covered": 100.0, "percent_covered_display": "100", "missing_lines": 0, "excluded_lines": 0, "percent_statements_covered": 100.0, "percent_statements_covered_display": "100"}, "missing_lines": [], "excluded_lines": [], "start_line": 197}, "_prompt": {"executed_lines": [], "summary": {"covered_lines": 0, "num_statements": 3, "percent_covered": 0.0, "percent_covered_display": "0", "missing_lines": 3, "excluded_lines": 0, "percent_statements_covered": 0.0, "percent_statements_covered_display": "0"}, "missing_lines": [207, 208, 209], "excluded_lines": [], "start_line": 205}, "_prompt_bool": {"executed_lines": [], "summary": {"covered_lines": 0, "num_statements": 5, "percent_covered": 0.0, "percent_covered_display": "0", "missing_lines": 5, "excluded_lines": 0, "percent_statements_covered": 0.0, "percent_statements_covered_display": "0"}, "missing_lines": [214, 215, 216, 217, 218], "excluded_lines": [], "start_line": 212}, "_prompt_int": {"executed_lines": [], "summary": {"covered_lines": 0, "num_statements": 6, "percent_covered": 0.0, "percent_covered_display": "0", "missing_lines": 6, "excluded_lines": 0, "percent_statements_covered": 0.0, "percent_statements_covered_display": "0"}, "missing_lines": [223, 224, 225, 226, 227, 228], "excluded_lines": [], "start_line": 221}, "interactive_init": {"executed_lines": [], "summary": {"covered_lines": 0, "num_statements": 45, "percent_covered": 0.0, "percent_covered_display": "0", "missing_lines": 45, "excluded_lines": 0, "percent_statements_covered": 0.0, "percent_statements_covered_display": "0"}, "missing_lines": [242, 243, 244, 245, 246, 247, 250, 251, 252, 253, 254, 257, 258, 259, 260, 261, 262, 265, 266, 267, 268, 269, 272, 273, 274, 275, 276, 277, 280, 281, 282, 283, 286, 287, 289, 348, 350, 351, 352, 353, 354, 355, 356, 360, 362], "excluded_lines": [], "start_line": 231}, "": {"executed_lines": [12, 14, 15, 16, 17, 22, 34, 89, 99, 109, 112, 149, 161, 167, 176, 197, 205, 212, 221, 231], "summary": {"covered_lines": 20, "num_statements": 20, "percent_covered": 100.0, "percent_covered_display": "100", "missing_lines": 0, "excluded_lines": 0, "percent_statements_covered": 100.0, "percent_statements_covered_display": "100"}, "missing_lines": [], "excluded_lines": [], "start_line": 1}}, "classes": {"": {"executed_lines": [12, 14, 15, 16, 17, 22, 25, 26, 28, 34, 89, 92, 93, 96, 99, 101, 103, 104, 109, 112, 119, 120, 123, 124, 126, 129, 130, 131, 136, 145, 146, 149, 161, 163, 164, 167, 169, 170, 176, 197, 199, 205, 212, 221, 231], "summary": {"covered_lines": 45, "num_statements": 163, "percent_covered": 27.607361963190183, "percent_covered_display": "28", "missing_lines": 118, "excluded_lines": 0, "percent_statements_covered": 27.607361963190183, "percent_statements_covered_display": "28"}, "missing_lines": [31, 38, 39, 41, 42, 43, 44, 47, 48, 49, 50, 51, 52, 53, 54, 55, 56, 59, 60, 61, 62, 65, 66, 68, 69, 70, 71, 73, 74, 75, 76, 77, 78, 79, 81, 83, 94, 132, 133, 137, 138, 139, 140, 141, 143, 151, 152, 153, 155, 178, 179, 180, 182, 185, 186, 187, 189, 192, 194, 207, 208, 209, 214, 215, 216, 217, 218, 223, 224, 225, 226, 227, 228, 242, 243, 244, 245, 246, 247, 250, 251, 252, 253, 254, 257, 258, 259, 260, 261, 262, 265, 266, 267, 268, 269, 272, 273, 274, 275, 276, 277, 280, 281, 282, 283, 286, 287, 289, 348, 350, 351, 352, 353, 354, 355, 356, 360, 362], "excluded_lines": [], "start_line": 1}}}, "mark42/utils.py": {"executed_lines": [3, 4, 6, 7, 8, 9, 10, 11, 12, 13, 16, 22, 32, 50, 52, 53, 60, 61, 62, 63, 66, 69, 71, 72, 75, 76, 77, 81, 82, 85, 100, 101, 102, 103, 104, 105, 106, 109, 110, 111, 112, 113, 114, 115, 116, 119, 120, 122, 123, 125, 126, 127, 128, 129, 130, 131, 132, 134, 135, 136, 137, 138, 140, 141, 143, 144, 145, 155, 156, 157, 160, 161, 162, 163, 164, 167, 168, 169, 170, 171, 175, 176, 177, 178, 179, 181, 190, 191, 193, 198, 210, 214, 215, 217, 244, 246, 247, 250, 256, 274, 283, 284, 285, 287, 288, 291, 292, 295, 297, 298, 301, 302, 303, 304, 305, 306, 307, 308, 309, 310, 311, 312, 313, 314, 315, 319, 320, 321, 322, 323, 324, 325, 327, 329, 330, 331, 332, 333, 336, 339, 340, 341, 342, 343, 345, 346, 348, 349, 350, 351, 355, 356, 357, 358, 360, 361, 362, 363, 365, 370, 375, 376, 382, 384, 388, 389, 390, 391, 392, 393, 394, 395, 396, 397, 398, 399, 400, 403, 413, 414, 415, 425, 426, 427, 457, 458, 459, 460, 461, 462, 464, 469, 475, 476, 485, 486, 487, 488, 489, 495], "summary": {"covered_lines": 200, "num_statements": 287, "percent_covered": 69.68641114982579, "percent_covered_display": "70", "missing_lines": 87, "excluded_lines": 1, "percent_statements_covered": 69.68641114982579, "percent_statements_covered_display": "70"}, "missing_lines": [73, 78, 79, 80, 108, 158, 165, 166, 172, 173, 199, 200, 201, 202, 203, 204, 205, 206, 207, 218, 219, 220, 221, 222, 223, 224, 293, 294, 316, 317, 326, 335, 337, 366, 367, 377, 378, 416, 417, 418, 419, 428, 431, 432, 433, 434, 435, 436, 437, 439, 440, 441, 442, 443, 444, 445, 446, 447, 448, 449, 450, 451, 452, 453, 454, 465, 466, 467, 470, 471, 472, 477, 478, 479, 480, 481, 482, 490, 491, 492, 497, 498, 499, 500, 501, 502, 503], "excluded_lines": [86], "functions": {"_append_error_log": {"executed_lines": [52, 53, 60, 61, 62, 63, 66], "summary": {"covered_lines": 7, "num_statements": 7, "percent_covered": 100.0, "percent_covered_display": "100", "missing_lines": 0, "excluded_lines": 0, "percent_statements_covered": 100.0, "percent_statements_covered_display": "100"}, "missing_lines": [], "excluded_lines": [], "start_line": 50}, "_rotate_errors_file": {"executed_lines": [71, 72, 75, 76, 77, 81, 82], "summary": {"covered_lines": 7, "num_statements": 11, "percent_covered": 63.63636363636363, "percent_covered_display": "64", "missing_lines": 4, "excluded_lines": 0, "percent_statements_covered": 63.63636363636363, "percent_statements_covered_display": "64"}, "missing_lines": [73, 78, 79, 80], "excluded_lines": [], "start_line": 69}, "safe_call": {"executed_lines": [100, 101, 116], "summary": {"covered_lines": 3, "num_statements": 3, "percent_covered": 100.0, "percent_covered_display": "100", "missing_lines": 0, "excluded_lines": 1, "percent_statements_covered": 100.0, "percent_statements_covered_display": "100"}, "missing_lines": [], "excluded_lines": [86], "start_line": 85}, "safe_call.decorator": {"executed_lines": [102, 115], "summary": {"covered_lines": 2, "num_statements": 2, "percent_covered": 100.0, "percent_covered_display": "100", "missing_lines": 0, "excluded_lines": 0, "percent_statements_covered": 100.0, "percent_statements_covered_display": "100"}, "missing_lines": [], "excluded_lines": [], "start_line": 100}, "safe_call.decorator.wrapper": {"executed_lines": [103, 104, 105, 106, 109, 110, 111, 112, 113, 114], "summary": {"covered_lines": 10, "num_statements": 11, "percent_covered": 90.9090909090909, "percent_covered_display": "91", "missing_lines": 1, "excluded_lines": 0, "percent_statements_covered": 90.9090909090909, "percent_statements_covered_display": "91"}, "missing_lines": [108], "excluded_lines": [], "start_line": 102}, "_now_iso": {"executed_lines": [120], "summary": {"covered_lines": 1, "num_statements": 1, "percent_covered": 100.0, "percent_covered_display": "100", "missing_lines": 0, "excluded_lines": 0, "percent_statements_covered": 100.0, "percent_statements_covered_display": "100"}, "missing_lines": [], "excluded_lines": [], "start_line": 119}, "_now_ts": {"executed_lines": [123], "summary": {"covered_lines": 1, "num_statements": 1, "percent_covered": 100.0, "percent_covered_display": "100", "missing_lines": 0, "excluded_lines": 0, "percent_statements_covered": 100.0, "percent_statements_covered_display": "100"}, "missing_lines": [], "excluded_lines": [], "start_line": 122}, "_load_json": {"executed_lines": [126, 127, 128, 129, 130, 131, 132], "summary": {"covered_lines": 7, "num_statements": 7, "percent_covered": 100.0, "percent_covered_display": "100", "missing_lines": 0, "excluded_lines": 0, "percent_statements_covered": 100.0, "percent_statements_covered_display": "100"}, "missing_lines": [], "excluded_lines": [], "start_line": 125}, "_save_json": {"executed_lines": [136, 137, 138], "summary": {"covered_lines": 3, "num_statements": 3, "percent_covered": 100.0, "percent_covered_display": "100", "missing_lines": 0, "excluded_lines": 0, "percent_statements_covered": 100.0, "percent_statements_covered_display": "100"}, "missing_lines": [], "excluded_lines": [], "start_line": 135}, "_append_broker": {"executed_lines": [143, 144, 145, 155, 156, 157, 160, 161, 162, 163, 164, 167, 168, 169, 170, 171], "summary": {"covered_lines": 16, "num_statements": 21, "percent_covered": 76.19047619047619, "percent_covered_display": "76", "missing_lines": 5, "excluded_lines": 0, "percent_statements_covered": 76.19047619047619, "percent_statements_covered_display": "76"}, "missing_lines": [158, 165, 166, 172, 173], "excluded_lines": [], "start_line": 141}, "_safe_mtime": {"executed_lines": [176, 177, 178, 179], "summary": {"covered_lines": 4, "num_statements": 4, "percent_covered": 100.0, "percent_covered_display": "100", "missing_lines": 0, "excluded_lines": 0, "percent_statements_covered": 100.0, "percent_statements_covered_display": "100"}, "missing_lines": [], "excluded_lines": [], "start_line": 175}, "_find_active_session": {"executed_lines": [190, 191, 193, 198, 210, 214, 215], "summary": {"covered_lines": 7, "num_statements": 16, "percent_covered": 43.75, "percent_covered_display": "44", "missing_lines": 9, "excluded_lines": 0, "percent_statements_covered": 43.75, "percent_statements_covered_display": "44"}, "missing_lines": [199, 200, 201, 202, 203, 204, 205, 206, 207], "excluded_lines": [], "start_line": 181}, "_estimate_tokens": {"executed_lines": [], "summary": {"covered_lines": 0, "num_statements": 7, "percent_covered": 0.0, "percent_covered_display": "0", "missing_lines": 7, "excluded_lines": 0, "percent_statements_covered": 0.0, "percent_statements_covered_display": "0"}, "missing_lines": [218, 219, 220, 221, 222, 223, 224], "excluded_lines": [], "start_line": 217}, "_estimate_tokens_smart": {"executed_lines": [274, 283, 284, 285, 287, 288, 291, 292, 295, 297, 298, 301, 302, 303, 304, 305, 306, 307, 308, 309, 310, 311, 312, 313, 314, 315, 319, 320, 321, 322, 323, 324, 325, 327, 329, 330, 331, 332, 333, 336, 339, 340, 341, 342, 343, 345, 346, 348, 349, 350, 351, 355, 356, 357, 358, 360, 361, 362, 363, 365, 370, 375, 376], "summary": {"covered_lines": 63, "num_statements": 74, "percent_covered": 85.13513513513513, "percent_covered_display": "85", "missing_lines": 11, "excluded_lines": 0, "percent_statements_covered": 85.13513513513513, "percent_statements_covered_display": "85"}, "missing_lines": [293, 294, 316, 317, 326, 335, 337, 366, 367, 377, 378], "excluded_lines": [], "start_line": 256}, "_list_project_files": {"executed_lines": [388, 389, 390, 391, 392, 393, 394, 395, 396, 397, 398, 399, 400], "summary": {"covered_lines": 13, "num_statements": 13, "percent_covered": 100.0, "percent_covered_display": "100", "missing_lines": 0, "excluded_lines": 0, "percent_statements_covered": 100.0, "percent_statements_covered_display": "100"}, "missing_lines": [], "excluded_lines": [], "start_line": 384}, "_get_context_window": {"executed_lines": [413, 414, 415, 425, 426, 427, 457, 458, 459, 460, 461, 462, 464, 469, 475, 476, 485, 486, 487, 488, 489], "summary": {"covered_lines": 21, "num_statements": 64, "percent_covered": 32.8125, "percent_covered_display": "33", "missing_lines": 43, "excluded_lines": 0, "percent_statements_covered": 32.8125, "percent_statements_covered_display": "33"}, "missing_lines": [416, 417, 418, 419, 428, 431, 432, 433, 434, 435, 436, 437, 439, 440, 441, 442, 443, 444, 445, 446, 447, 448, 449, 450, 451, 452, 453, 454, 465, 466, 467, 470, 471, 472, 477, 478, 479, 480, 481, 482, 490, 491, 492], "excluded_lines": [], "start_line": 403}, "_lookup_context_window": {"executed_lines": [], "summary": {"covered_lines": 0, "num_statements": 7, "percent_covered": 0.0, "percent_covered_display": "0", "missing_lines": 7, "excluded_lines": 0, "percent_statements_covered": 0.0, "percent_statements_covered_display": "0"}, "missing_lines": [497, 498, 499, 500, 501, 502, 503], "excluded_lines": [], "start_line": 495}, "": {"executed_lines": [3, 4, 6, 7, 8, 9, 10, 11, 12, 13, 16, 22, 32, 50, 69, 85, 119, 122, 125, 134, 135, 140, 141, 175, 181, 217, 244, 246, 247, 250, 256, 382, 384, 403, 495], "summary": {"covered_lines": 35, "num_statements": 35, "percent_covered": 100.0, "percent_covered_display": "100", "missing_lines": 0, "excluded_lines": 0, "percent_statements_covered": 100.0, "percent_statements_covered_display": "100"}, "missing_lines": [], "excluded_lines": [], "start_line": 1}}, "classes": {"": {"executed_lines": [3, 4, 6, 7, 8, 9, 10, 11, 12, 13, 16, 22, 32, 50, 52, 53, 60, 61, 62, 63, 66, 69, 71, 72, 75, 76, 77, 81, 82, 85, 100, 101, 102, 103, 104, 105, 106, 109, 110, 111, 112, 113, 114, 115, 116, 119, 120, 122, 123, 125, 126, 127, 128, 129, 130, 131, 132, 134, 135, 136, 137, 138, 140, 141, 143, 144, 145, 155, 156, 157, 160, 161, 162, 163, 164, 167, 168, 169, 170, 171, 175, 176, 177, 178, 179, 181, 190, 191, 193, 198, 210, 214, 215, 217, 244, 246, 247, 250, 256, 274, 283, 284, 285, 287, 288, 291, 292, 295, 297, 298, 301, 302, 303, 304, 305, 306, 307, 308, 309, 310, 311, 312, 313, 314, 315, 319, 320, 321, 322, 323, 324, 325, 327, 329, 330, 331, 332, 333, 336, 339, 340, 341, 342, 343, 345, 346, 348, 349, 350, 351, 355, 356, 357, 358, 360, 361, 362, 363, 365, 370, 375, 376, 382, 384, 388, 389, 390, 391, 392, 393, 394, 395, 396, 397, 398, 399, 400, 403, 413, 414, 415, 425, 426, 427, 457, 458, 459, 460, 461, 462, 464, 469, 475, 476, 485, 486, 487, 488, 489, 495], "summary": {"covered_lines": 200, "num_statements": 287, "percent_covered": 69.68641114982579, "percent_covered_display": "70", "missing_lines": 87, "excluded_lines": 1, "percent_statements_covered": 69.68641114982579, "percent_statements_covered_display": "70"}, "missing_lines": [73, 78, 79, 80, 108, 158, 165, 166, 172, 173, 199, 200, 201, 202, 203, 204, 205, 206, 207, 218, 219, 220, 221, 222, 223, 224, 293, 294, 316, 317, 326, 335, 337, 366, 367, 377, 378, 416, 417, 418, 419, 428, 431, 432, 433, 434, 435, 436, 437, 439, 440, 441, 442, 443, 444, 445, 446, 447, 448, 449, 450, 451, 452, 453, 454, 465, 466, 467, 470, 471, 472, 477, 478, 479, 480, 481, 482, 490, 491, 492, 497, 498, 499, 500, 501, 502, 503], "excluded_lines": [86], "start_line": 1}}}, "mark42/watchdog.py": {"executed_lines": [14, 16, 17, 18, 19, 20, 21, 24, 25, 28, 30, 31, 32, 33, 34, 35, 36, 37, 39, 42, 44, 45, 46, 47, 48, 49, 50, 52, 53, 54, 55, 56, 57, 58, 61, 63, 64, 70, 71, 72, 75, 77, 78, 84, 85, 88, 91, 92, 93, 94, 96, 103, 106, 109, 110, 113, 114, 116, 117, 118, 120, 121, 122, 124, 125, 126, 128, 129, 130, 132, 133, 134, 135, 138, 140, 141, 143, 146, 153], "summary": {"covered_lines": 79, "num_statements": 81, "percent_covered": 97.53086419753086, "percent_covered_display": "98", "missing_lines": 2, "excluded_lines": 0, "percent_statements_covered": 97.53086419753086, "percent_statements_covered_display": "98"}, "missing_lines": [144, 154], "excluded_lines": [], "functions": {"_get_env": {"executed_lines": [25], "summary": {"covered_lines": 1, "num_statements": 1, "percent_covered": 100.0, "percent_covered_display": "100", "missing_lines": 0, "excluded_lines": 0, "percent_statements_covered": 100.0, "percent_statements_covered_display": "100"}, "missing_lines": [], "excluded_lines": [], "start_line": 24}, "_log": {"executed_lines": [30, 31, 32, 33, 34, 35, 36, 37, 39], "summary": {"covered_lines": 9, "num_statements": 9, "percent_covered": 100.0, "percent_covered_display": "100", "missing_lines": 0, "excluded_lines": 0, "percent_statements_covered": 100.0, "percent_statements_covered_display": "100"}, "missing_lines": [], "excluded_lines": [], "start_line": 28}, "_check_heartbeat": {"executed_lines": [44, 45, 46, 47, 48, 49, 50, 52, 53, 54, 55, 56, 57, 58], "summary": {"covered_lines": 14, "num_statements": 14, "percent_covered": 100.0, "percent_covered_display": "100", "missing_lines": 0, "excluded_lines": 0, "percent_statements_covered": 100.0, "percent_statements_covered_display": "100"}, "missing_lines": [], "excluded_lines": [], "start_line": 42}, "_check_process": {"executed_lines": [63, 64, 70, 71, 72], "summary": {"covered_lines": 5, "num_statements": 5, "percent_covered": 100.0, "percent_covered_display": "100", "missing_lines": 0, "excluded_lines": 0, "percent_statements_covered": 100.0, "percent_statements_covered_display": "100"}, "missing_lines": [], "excluded_lines": [], "start_line": 61}, "_restart_service": {"executed_lines": [77, 78, 84, 85], "summary": {"covered_lines": 4, "num_statements": 4, "percent_covered": 100.0, "percent_covered_display": "100", "missing_lines": 0, "excluded_lines": 0, "percent_statements_covered": 100.0, "percent_statements_covered_display": "100"}, "missing_lines": [], "excluded_lines": [], "start_line": 75}, "watchdog_check": {"executed_lines": [91, 92, 93, 94, 96, 103, 106, 109, 110, 113, 114, 116, 117, 118, 120, 121, 122, 124, 125, 126, 128, 129, 130, 132, 133, 134, 135, 138, 140, 141, 143, 146], "summary": {"covered_lines": 32, "num_statements": 33, "percent_covered": 96.96969696969697, "percent_covered_display": "97", "missing_lines": 1, "excluded_lines": 0, "percent_statements_covered": 96.96969696969697, "percent_statements_covered_display": "97"}, "missing_lines": [144], "excluded_lines": [], "start_line": 88}, "": {"executed_lines": [14, 16, 17, 18, 19, 20, 21, 24, 28, 42, 61, 75, 88, 153], "summary": {"covered_lines": 14, "num_statements": 15, "percent_covered": 93.33333333333333, "percent_covered_display": "93", "missing_lines": 1, "excluded_lines": 0, "percent_statements_covered": 93.33333333333333, "percent_statements_covered_display": "93"}, "missing_lines": [154], "excluded_lines": [], "start_line": 1}}, "classes": {"": {"executed_lines": [14, 16, 17, 18, 19, 20, 21, 24, 25, 28, 30, 31, 32, 33, 34, 35, 36, 37, 39, 42, 44, 45, 46, 47, 48, 49, 50, 52, 53, 54, 55, 56, 57, 58, 61, 63, 64, 70, 71, 72, 75, 77, 78, 84, 85, 88, 91, 92, 93, 94, 96, 103, 106, 109, 110, 113, 114, 116, 117, 118, 120, 121, 122, 124, 125, 126, 128, 129, 130, 132, 133, 134, 135, 138, 140, 141, 143, 146, 153], "summary": {"covered_lines": 79, "num_statements": 81, "percent_covered": 97.53086419753086, "percent_covered_display": "98", "missing_lines": 2, "excluded_lines": 0, "percent_statements_covered": 97.53086419753086, "percent_statements_covered_display": "98"}, "missing_lines": [144, 154], "excluded_lines": [], "start_line": 1}}}}, "totals": {"covered_lines": 6625, "num_statements": 10685, "percent_covered": 62.00280767430978, "percent_covered_display": "62", "missing_lines": 4060, "excluded_lines": 75, "percent_statements_covered": 62.00280767430978, "percent_statements_covered_display": "62"}}